[2026-02-12T11:46:47.261+0000] {taskinstance.py:1956} INFO - Dependencies all met for dep_context=non-requeueable deps ti=<TaskInstance: ethereum_pipeline.mongo_to_postgres scheduled__2026-02-12T11:44:00+00:00 [queued]>
[2026-02-12T11:46:47.271+0000] {taskinstance.py:1956} INFO - Dependencies all met for dep_context=requeueable deps ti=<TaskInstance: ethereum_pipeline.mongo_to_postgres scheduled__2026-02-12T11:44:00+00:00 [queued]>
[2026-02-12T11:46:47.272+0000] {taskinstance.py:2170} INFO - Starting attempt 1 of 1
[2026-02-12T11:46:47.286+0000] {taskinstance.py:2191} INFO - Executing <Task(PythonOperator): mongo_to_postgres> on 2026-02-12 11:44:00+00:00
[2026-02-12T11:46:47.293+0000] {standard_task_runner.py:60} INFO - Started process 126 to run task
[2026-02-12T11:46:47.297+0000] {standard_task_runner.py:87} INFO - Running: ['***', 'tasks', 'run', 'ethereum_pipeline', 'mongo_to_postgres', 'scheduled__2026-02-12T11:44:00+00:00', '--job-id', '380', '--raw', '--subdir', 'DAGS_FOLDER/eth_pipeline_dag.py', '--cfg-path', '/tmp/tmp0_sux_md']
[2026-02-12T11:46:47.300+0000] {standard_task_runner.py:88} INFO - Job 380: Subtask mongo_to_postgres
[2026-02-12T11:46:47.370+0000] {task_command.py:423} INFO - Running <TaskInstance: ethereum_pipeline.mongo_to_postgres scheduled__2026-02-12T11:44:00+00:00 [running]> on host 7dcd9dd6b5e5
[2026-02-12T11:46:47.486+0000] {taskinstance.py:2480} INFO - Exporting env vars: AIRFLOW_CTX_DAG_OWNER='***' AIRFLOW_CTX_DAG_ID='ethereum_pipeline' AIRFLOW_CTX_TASK_ID='mongo_to_postgres' AIRFLOW_CTX_EXECUTION_DATE='2026-02-12T11:44:00+00:00' AIRFLOW_CTX_TRY_NUMBER='1' AIRFLOW_CTX_DAG_RUN_ID='scheduled__2026-02-12T11:44:00+00:00'
[2026-02-12T11:46:47.898+0000] {taskinstance.py:2698} ERROR - Task failed with exception
Traceback (most recent call last):
  File "/home/airflow/.local/lib/python3.8/site-packages/airflow/models/taskinstance.py", line 433, in _execute_task
    result = execute_callable(context=context, **execute_callable_kwargs)
  File "/home/airflow/.local/lib/python3.8/site-packages/airflow/operators/python.py", line 199, in execute
    return_value = self.execute_callable()
  File "/home/airflow/.local/lib/python3.8/site-packages/airflow/operators/python.py", line 216, in execute_callable
    return self.python_callable(*self.op_args, **self.op_kwargs)
  File "/opt/airflow/dags/eth_mongo_to_postgres.py", line 59, in mongo_to_postgres
    cur.execute("""
psycopg2.errors.NumericValueOutOfRange: numeric field overflow
DETAIL:  A field with precision 18, scale 8 must round to an absolute value less than 10^10.

[2026-02-12T11:46:47.914+0000] {taskinstance.py:1138} INFO - Marking task as FAILED. dag_id=ethereum_pipeline, task_id=mongo_to_postgres, execution_date=20260212T114400, start_date=20260212T114647, end_date=20260212T114647
[2026-02-12T11:46:47.931+0000] {standard_task_runner.py:107} ERROR - Failed to execute job 380 for task mongo_to_postgres (numeric field overflow
DETAIL:  A field with precision 18, scale 8 must round to an absolute value less than 10^10.
; 126)
[2026-02-12T11:46:47.952+0000] {local_task_job_runner.py:234} INFO - Task exited with return code 1
[2026-02-12T11:46:47.980+0000] {taskinstance.py:3280} INFO - 0 downstream tasks scheduled from follow-on schedule check
