[2026-02-12T11:00:04.274+0000] {taskinstance.py:1956} INFO - Dependencies all met for dep_context=non-requeueable deps ti=<TaskInstance: ethereum_pipeline.fetch_eth_to_mongo scheduled__2026-02-12T10:58:00+00:00 [queued]>
[2026-02-12T11:00:04.285+0000] {taskinstance.py:1956} INFO - Dependencies all met for dep_context=requeueable deps ti=<TaskInstance: ethereum_pipeline.fetch_eth_to_mongo scheduled__2026-02-12T10:58:00+00:00 [queued]>
[2026-02-12T11:00:04.286+0000] {taskinstance.py:2170} INFO - Starting attempt 1 of 1
[2026-02-12T11:00:04.317+0000] {taskinstance.py:2191} INFO - Executing <Task(PythonOperator): fetch_eth_to_mongo> on 2026-02-12 10:58:00+00:00
[2026-02-12T11:00:04.344+0000] {standard_task_runner.py:60} INFO - Started process 132 to run task
[2026-02-12T11:00:04.410+0000] {standard_task_runner.py:87} INFO - Running: ['***', 'tasks', 'run', 'ethereum_pipeline', 'fetch_eth_to_mongo', 'scheduled__2026-02-12T10:58:00+00:00', '--job-id', '270', '--raw', '--subdir', 'DAGS_FOLDER/eth_pipeline_dag.py', '--cfg-path', '/tmp/tmpfbp7bvwl']
[2026-02-12T11:00:04.445+0000] {standard_task_runner.py:88} INFO - Job 270: Subtask fetch_eth_to_mongo
[2026-02-12T11:00:04.586+0000] {task_command.py:423} INFO - Running <TaskInstance: ethereum_pipeline.fetch_eth_to_mongo scheduled__2026-02-12T10:58:00+00:00 [running]> on host 810c38b644b1
[2026-02-12T11:00:04.899+0000] {taskinstance.py:2480} INFO - Exporting env vars: AIRFLOW_CTX_DAG_OWNER='***' AIRFLOW_CTX_DAG_ID='ethereum_pipeline' AIRFLOW_CTX_TASK_ID='fetch_eth_to_mongo' AIRFLOW_CTX_EXECUTION_DATE='2026-02-12T10:58:00+00:00' AIRFLOW_CTX_TRY_NUMBER='1' AIRFLOW_CTX_DAG_RUN_ID='scheduled__2026-02-12T10:58:00+00:00'
[2026-02-12T11:00:05.600+0000] {taskinstance.py:2698} ERROR - Task failed with exception
Traceback (most recent call last):
  File "/home/airflow/.local/lib/python3.8/site-packages/airflow/models/taskinstance.py", line 433, in _execute_task
    result = execute_callable(context=context, **execute_callable_kwargs)
  File "/home/airflow/.local/lib/python3.8/site-packages/airflow/operators/python.py", line 199, in execute
    return_value = self.execute_callable()
  File "/home/airflow/.local/lib/python3.8/site-packages/airflow/operators/python.py", line 216, in execute_callable
    return self.python_callable(*self.op_args, **self.op_kwargs)
  File "/opt/airflow/dags/eth_fetch_to_mongo.py", line 17, in fetch_blocks_to_mongo
    latest_block = int(r["result"], 16)
ValueError: invalid literal for int() with base 16: 'You are using a deprecated V1 endpoint, switch to Etherscan API V2 using https://docs.etherscan.io/v2-migration'
[2026-02-12T11:00:05.618+0000] {taskinstance.py:1138} INFO - Marking task as FAILED. dag_id=ethereum_pipeline, task_id=fetch_eth_to_mongo, execution_date=20260212T105800, start_date=20260212T110004, end_date=20260212T110005
[2026-02-12T11:00:05.636+0000] {standard_task_runner.py:107} ERROR - Failed to execute job 270 for task fetch_eth_to_mongo (invalid literal for int() with base 16: 'You are using a deprecated V1 endpoint, switch to Etherscan API V2 using https://docs.etherscan.io/v2-migration'; 132)
[2026-02-12T11:00:05.653+0000] {local_task_job_runner.py:234} INFO - Task exited with return code 1
[2026-02-12T11:00:05.710+0000] {taskinstance.py:3280} INFO - 0 downstream tasks scheduled from follow-on schedule check
