[2026-02-12T11:50:20.616+0000] {taskinstance.py:1956} INFO - Dependencies all met for dep_context=non-requeueable deps ti=<TaskInstance: ethereum_pipeline.mongo_to_postgres scheduled__2026-02-12T11:48:00+00:00 [queued]>
[2026-02-12T11:50:20.626+0000] {taskinstance.py:1956} INFO - Dependencies all met for dep_context=requeueable deps ti=<TaskInstance: ethereum_pipeline.mongo_to_postgres scheduled__2026-02-12T11:48:00+00:00 [queued]>
[2026-02-12T11:50:20.627+0000] {taskinstance.py:2170} INFO - Starting attempt 1 of 1
[2026-02-12T11:50:20.641+0000] {taskinstance.py:2191} INFO - Executing <Task(PythonOperator): mongo_to_postgres> on 2026-02-12 11:48:00+00:00
[2026-02-12T11:50:20.646+0000] {standard_task_runner.py:60} INFO - Started process 190 to run task
[2026-02-12T11:50:20.649+0000] {standard_task_runner.py:87} INFO - Running: ['***', 'tasks', 'run', 'ethereum_pipeline', 'mongo_to_postgres', 'scheduled__2026-02-12T11:48:00+00:00', '--job-id', '384', '--raw', '--subdir', 'DAGS_FOLDER/eth_pipeline_dag.py', '--cfg-path', '/tmp/tmp3zvx8o9k']
[2026-02-12T11:50:20.652+0000] {standard_task_runner.py:88} INFO - Job 384: Subtask mongo_to_postgres
[2026-02-12T11:50:20.723+0000] {task_command.py:423} INFO - Running <TaskInstance: ethereum_pipeline.mongo_to_postgres scheduled__2026-02-12T11:48:00+00:00 [running]> on host 7dcd9dd6b5e5
[2026-02-12T11:50:20.828+0000] {taskinstance.py:2480} INFO - Exporting env vars: AIRFLOW_CTX_DAG_OWNER='***' AIRFLOW_CTX_DAG_ID='ethereum_pipeline' AIRFLOW_CTX_TASK_ID='mongo_to_postgres' AIRFLOW_CTX_EXECUTION_DATE='2026-02-12T11:48:00+00:00' AIRFLOW_CTX_TRY_NUMBER='1' AIRFLOW_CTX_DAG_RUN_ID='scheduled__2026-02-12T11:48:00+00:00'
[2026-02-12T11:50:21.601+0000] {taskinstance.py:2698} ERROR - Task failed with exception
Traceback (most recent call last):
  File "/home/airflow/.local/lib/python3.8/site-packages/airflow/models/taskinstance.py", line 433, in _execute_task
    result = execute_callable(context=context, **execute_callable_kwargs)
  File "/home/airflow/.local/lib/python3.8/site-packages/airflow/operators/python.py", line 199, in execute
    return_value = self.execute_callable()
  File "/home/airflow/.local/lib/python3.8/site-packages/airflow/operators/python.py", line 216, in execute_callable
    return self.python_callable(*self.op_args, **self.op_kwargs)
  File "/opt/airflow/dags/eth_mongo_to_postgres.py", line 59, in mongo_to_postgres
    cur.execute("""
psycopg2.errors.NumericValueOutOfRange: numeric field overflow
DETAIL:  A field with precision 18, scale 8 must round to an absolute value less than 10^10.

[2026-02-12T11:50:21.618+0000] {taskinstance.py:1138} INFO - Marking task as FAILED. dag_id=ethereum_pipeline, task_id=mongo_to_postgres, execution_date=20260212T114800, start_date=20260212T115020, end_date=20260212T115021
[2026-02-12T11:50:21.630+0000] {standard_task_runner.py:107} ERROR - Failed to execute job 384 for task mongo_to_postgres (numeric field overflow
DETAIL:  A field with precision 18, scale 8 must round to an absolute value less than 10^10.
; 190)
[2026-02-12T11:50:21.667+0000] {local_task_job_runner.py:234} INFO - Task exited with return code 1
[2026-02-12T11:50:21.694+0000] {taskinstance.py:3280} INFO - 0 downstream tasks scheduled from follow-on schedule check
