[2026-02-11T16:32:35.189+0000] {processor.py:161} INFO - Started process (PID=93) to work on /opt/airflow/dags/eth_blocks_to_postgres.py
[2026-02-11T16:32:35.195+0000] {processor.py:830} INFO - Processing file /opt/airflow/dags/eth_blocks_to_postgres.py for tasks to queue
[2026-02-11T16:32:35.196+0000] {logging_mixin.py:188} INFO - [2026-02-11T16:32:35.196+0000] {dagbag.py:538} INFO - Filling up the DagBag from /opt/airflow/dags/eth_blocks_to_postgres.py
[2026-02-11T16:32:35.298+0000] {processor.py:842} WARNING - No viable dags retrieved from /opt/airflow/dags/eth_blocks_to_postgres.py
[2026-02-11T16:32:35.316+0000] {processor.py:183} INFO - Processing /opt/airflow/dags/eth_blocks_to_postgres.py took 0.139 seconds
[2026-02-11T16:33:05.613+0000] {processor.py:161} INFO - Started process (PID=110) to work on /opt/airflow/dags/eth_blocks_to_postgres.py
[2026-02-11T16:33:05.615+0000] {processor.py:830} INFO - Processing file /opt/airflow/dags/eth_blocks_to_postgres.py for tasks to queue
[2026-02-11T16:33:05.618+0000] {logging_mixin.py:188} INFO - [2026-02-11T16:33:05.618+0000] {dagbag.py:538} INFO - Filling up the DagBag from /opt/airflow/dags/eth_blocks_to_postgres.py
[2026-02-11T16:33:05.758+0000] {processor.py:842} WARNING - No viable dags retrieved from /opt/airflow/dags/eth_blocks_to_postgres.py
[2026-02-11T16:33:05.777+0000] {processor.py:183} INFO - Processing /opt/airflow/dags/eth_blocks_to_postgres.py took 0.169 seconds
[2026-02-11T16:33:36.054+0000] {processor.py:161} INFO - Started process (PID=113) to work on /opt/airflow/dags/eth_blocks_to_postgres.py
[2026-02-11T16:33:36.055+0000] {processor.py:830} INFO - Processing file /opt/airflow/dags/eth_blocks_to_postgres.py for tasks to queue
[2026-02-11T16:33:36.056+0000] {logging_mixin.py:188} INFO - [2026-02-11T16:33:36.055+0000] {dagbag.py:538} INFO - Filling up the DagBag from /opt/airflow/dags/eth_blocks_to_postgres.py
[2026-02-11T16:33:36.195+0000] {processor.py:842} WARNING - No viable dags retrieved from /opt/airflow/dags/eth_blocks_to_postgres.py
[2026-02-11T16:33:36.214+0000] {processor.py:183} INFO - Processing /opt/airflow/dags/eth_blocks_to_postgres.py took 0.201 seconds
[2026-02-11T16:34:06.433+0000] {processor.py:161} INFO - Started process (PID=115) to work on /opt/airflow/dags/eth_blocks_to_postgres.py
[2026-02-11T16:34:06.434+0000] {processor.py:830} INFO - Processing file /opt/airflow/dags/eth_blocks_to_postgres.py for tasks to queue
[2026-02-11T16:34:06.435+0000] {logging_mixin.py:188} INFO - [2026-02-11T16:34:06.435+0000] {dagbag.py:538} INFO - Filling up the DagBag from /opt/airflow/dags/eth_blocks_to_postgres.py
[2026-02-11T16:34:06.570+0000] {processor.py:842} WARNING - No viable dags retrieved from /opt/airflow/dags/eth_blocks_to_postgres.py
[2026-02-11T16:34:06.591+0000] {processor.py:183} INFO - Processing /opt/airflow/dags/eth_blocks_to_postgres.py took 0.190 seconds
[2026-02-11T16:34:36.822+0000] {processor.py:161} INFO - Started process (PID=117) to work on /opt/airflow/dags/eth_blocks_to_postgres.py
[2026-02-11T16:34:36.823+0000] {processor.py:830} INFO - Processing file /opt/airflow/dags/eth_blocks_to_postgres.py for tasks to queue
[2026-02-11T16:34:36.824+0000] {logging_mixin.py:188} INFO - [2026-02-11T16:34:36.824+0000] {dagbag.py:538} INFO - Filling up the DagBag from /opt/airflow/dags/eth_blocks_to_postgres.py
[2026-02-11T16:34:36.892+0000] {processor.py:842} WARNING - No viable dags retrieved from /opt/airflow/dags/eth_blocks_to_postgres.py
[2026-02-11T16:34:36.909+0000] {processor.py:183} INFO - Processing /opt/airflow/dags/eth_blocks_to_postgres.py took 0.091 seconds
[2026-02-11T16:35:07.158+0000] {processor.py:161} INFO - Started process (PID=119) to work on /opt/airflow/dags/eth_blocks_to_postgres.py
[2026-02-11T16:35:07.159+0000] {processor.py:830} INFO - Processing file /opt/airflow/dags/eth_blocks_to_postgres.py for tasks to queue
[2026-02-11T16:35:07.161+0000] {logging_mixin.py:188} INFO - [2026-02-11T16:35:07.161+0000] {dagbag.py:538} INFO - Filling up the DagBag from /opt/airflow/dags/eth_blocks_to_postgres.py
[2026-02-11T16:35:07.251+0000] {processor.py:842} WARNING - No viable dags retrieved from /opt/airflow/dags/eth_blocks_to_postgres.py
[2026-02-11T16:35:07.283+0000] {processor.py:183} INFO - Processing /opt/airflow/dags/eth_blocks_to_postgres.py took 0.136 seconds
[2026-02-11T16:36:59.010+0000] {processor.py:161} INFO - Started process (PID=95) to work on /opt/airflow/dags/eth_blocks_to_postgres.py
[2026-02-11T16:36:59.100+0000] {processor.py:830} INFO - Processing file /opt/airflow/dags/eth_blocks_to_postgres.py for tasks to queue
[2026-02-11T16:36:59.102+0000] {logging_mixin.py:188} INFO - [2026-02-11T16:36:59.101+0000] {dagbag.py:538} INFO - Filling up the DagBag from /opt/airflow/dags/eth_blocks_to_postgres.py
[2026-02-11T16:36:59.327+0000] {processor.py:842} WARNING - No viable dags retrieved from /opt/airflow/dags/eth_blocks_to_postgres.py
[2026-02-11T16:36:59.374+0000] {processor.py:183} INFO - Processing /opt/airflow/dags/eth_blocks_to_postgres.py took 0.375 seconds
[2026-02-11T16:37:29.637+0000] {processor.py:161} INFO - Started process (PID=110) to work on /opt/airflow/dags/eth_blocks_to_postgres.py
[2026-02-11T16:37:29.638+0000] {processor.py:830} INFO - Processing file /opt/airflow/dags/eth_blocks_to_postgres.py for tasks to queue
[2026-02-11T16:37:29.640+0000] {logging_mixin.py:188} INFO - [2026-02-11T16:37:29.639+0000] {dagbag.py:538} INFO - Filling up the DagBag from /opt/airflow/dags/eth_blocks_to_postgres.py
[2026-02-11T16:37:29.709+0000] {processor.py:842} WARNING - No viable dags retrieved from /opt/airflow/dags/eth_blocks_to_postgres.py
[2026-02-11T16:37:29.733+0000] {processor.py:183} INFO - Processing /opt/airflow/dags/eth_blocks_to_postgres.py took 0.100 seconds
[2026-02-11T16:38:33.199+0000] {processor.py:161} INFO - Started process (PID=93) to work on /opt/airflow/dags/eth_blocks_to_postgres.py
[2026-02-11T16:38:33.205+0000] {processor.py:830} INFO - Processing file /opt/airflow/dags/eth_blocks_to_postgres.py for tasks to queue
[2026-02-11T16:38:33.209+0000] {logging_mixin.py:188} INFO - [2026-02-11T16:38:33.208+0000] {dagbag.py:538} INFO - Filling up the DagBag from /opt/airflow/dags/eth_blocks_to_postgres.py
[2026-02-11T16:38:33.396+0000] {processor.py:842} WARNING - No viable dags retrieved from /opt/airflow/dags/eth_blocks_to_postgres.py
[2026-02-11T16:38:33.460+0000] {processor.py:183} INFO - Processing /opt/airflow/dags/eth_blocks_to_postgres.py took 0.277 seconds
[2026-02-11T16:39:03.692+0000] {processor.py:161} INFO - Started process (PID=110) to work on /opt/airflow/dags/eth_blocks_to_postgres.py
[2026-02-11T16:39:03.693+0000] {processor.py:830} INFO - Processing file /opt/airflow/dags/eth_blocks_to_postgres.py for tasks to queue
[2026-02-11T16:39:03.694+0000] {logging_mixin.py:188} INFO - [2026-02-11T16:39:03.694+0000] {dagbag.py:538} INFO - Filling up the DagBag from /opt/airflow/dags/eth_blocks_to_postgres.py
[2026-02-11T16:39:03.765+0000] {processor.py:842} WARNING - No viable dags retrieved from /opt/airflow/dags/eth_blocks_to_postgres.py
[2026-02-11T16:39:03.808+0000] {processor.py:183} INFO - Processing /opt/airflow/dags/eth_blocks_to_postgres.py took 0.120 seconds
[2026-02-11T16:39:34.057+0000] {processor.py:161} INFO - Started process (PID=112) to work on /opt/airflow/dags/eth_blocks_to_postgres.py
[2026-02-11T16:39:34.058+0000] {processor.py:830} INFO - Processing file /opt/airflow/dags/eth_blocks_to_postgres.py for tasks to queue
[2026-02-11T16:39:34.060+0000] {logging_mixin.py:188} INFO - [2026-02-11T16:39:34.059+0000] {dagbag.py:538} INFO - Filling up the DagBag from /opt/airflow/dags/eth_blocks_to_postgres.py
[2026-02-11T16:39:34.164+0000] {processor.py:842} WARNING - No viable dags retrieved from /opt/airflow/dags/eth_blocks_to_postgres.py
[2026-02-11T16:39:34.204+0000] {processor.py:183} INFO - Processing /opt/airflow/dags/eth_blocks_to_postgres.py took 0.154 seconds
[2026-02-11T16:40:04.448+0000] {processor.py:161} INFO - Started process (PID=114) to work on /opt/airflow/dags/eth_blocks_to_postgres.py
[2026-02-11T16:40:04.449+0000] {processor.py:830} INFO - Processing file /opt/airflow/dags/eth_blocks_to_postgres.py for tasks to queue
[2026-02-11T16:40:04.450+0000] {logging_mixin.py:188} INFO - [2026-02-11T16:40:04.450+0000] {dagbag.py:538} INFO - Filling up the DagBag from /opt/airflow/dags/eth_blocks_to_postgres.py
[2026-02-11T16:40:04.518+0000] {processor.py:842} WARNING - No viable dags retrieved from /opt/airflow/dags/eth_blocks_to_postgres.py
[2026-02-11T16:40:04.546+0000] {processor.py:183} INFO - Processing /opt/airflow/dags/eth_blocks_to_postgres.py took 0.105 seconds
[2026-02-11T16:40:34.794+0000] {processor.py:161} INFO - Started process (PID=116) to work on /opt/airflow/dags/eth_blocks_to_postgres.py
[2026-02-11T16:40:34.795+0000] {processor.py:830} INFO - Processing file /opt/airflow/dags/eth_blocks_to_postgres.py for tasks to queue
[2026-02-11T16:40:34.796+0000] {logging_mixin.py:188} INFO - [2026-02-11T16:40:34.796+0000] {dagbag.py:538} INFO - Filling up the DagBag from /opt/airflow/dags/eth_blocks_to_postgres.py
[2026-02-11T16:40:34.870+0000] {processor.py:842} WARNING - No viable dags retrieved from /opt/airflow/dags/eth_blocks_to_postgres.py
[2026-02-11T16:40:34.893+0000] {processor.py:183} INFO - Processing /opt/airflow/dags/eth_blocks_to_postgres.py took 0.104 seconds
[2026-02-11T16:41:05.178+0000] {processor.py:161} INFO - Started process (PID=119) to work on /opt/airflow/dags/eth_blocks_to_postgres.py
[2026-02-11T16:41:05.180+0000] {processor.py:830} INFO - Processing file /opt/airflow/dags/eth_blocks_to_postgres.py for tasks to queue
[2026-02-11T16:41:05.181+0000] {logging_mixin.py:188} INFO - [2026-02-11T16:41:05.180+0000] {dagbag.py:538} INFO - Filling up the DagBag from /opt/airflow/dags/eth_blocks_to_postgres.py
[2026-02-11T16:41:05.813+0000] {processor.py:842} WARNING - No viable dags retrieved from /opt/airflow/dags/eth_blocks_to_postgres.py
[2026-02-11T16:41:05.974+0000] {processor.py:183} INFO - Processing /opt/airflow/dags/eth_blocks_to_postgres.py took 0.806 seconds
[2026-02-11T16:41:36.347+0000] {processor.py:161} INFO - Started process (PID=121) to work on /opt/airflow/dags/eth_blocks_to_postgres.py
[2026-02-11T16:41:36.353+0000] {processor.py:830} INFO - Processing file /opt/airflow/dags/eth_blocks_to_postgres.py for tasks to queue
[2026-02-11T16:41:36.363+0000] {logging_mixin.py:188} INFO - [2026-02-11T16:41:36.360+0000] {dagbag.py:538} INFO - Filling up the DagBag from /opt/airflow/dags/eth_blocks_to_postgres.py
[2026-02-11T16:41:36.548+0000] {processor.py:842} WARNING - No viable dags retrieved from /opt/airflow/dags/eth_blocks_to_postgres.py
[2026-02-11T16:41:36.626+0000] {processor.py:183} INFO - Processing /opt/airflow/dags/eth_blocks_to_postgres.py took 0.294 seconds
[2026-02-11T16:42:06.887+0000] {processor.py:161} INFO - Started process (PID=123) to work on /opt/airflow/dags/eth_blocks_to_postgres.py
[2026-02-11T16:42:06.888+0000] {processor.py:830} INFO - Processing file /opt/airflow/dags/eth_blocks_to_postgres.py for tasks to queue
[2026-02-11T16:42:06.889+0000] {logging_mixin.py:188} INFO - [2026-02-11T16:42:06.889+0000] {dagbag.py:538} INFO - Filling up the DagBag from /opt/airflow/dags/eth_blocks_to_postgres.py
[2026-02-11T16:42:06.965+0000] {processor.py:842} WARNING - No viable dags retrieved from /opt/airflow/dags/eth_blocks_to_postgres.py
[2026-02-11T16:42:07.025+0000] {processor.py:183} INFO - Processing /opt/airflow/dags/eth_blocks_to_postgres.py took 0.141 seconds
[2026-02-11T16:42:37.161+0000] {processor.py:161} INFO - Started process (PID=127) to work on /opt/airflow/dags/eth_blocks_to_postgres.py
[2026-02-11T16:42:37.162+0000] {processor.py:830} INFO - Processing file /opt/airflow/dags/eth_blocks_to_postgres.py for tasks to queue
[2026-02-11T16:42:37.170+0000] {logging_mixin.py:188} INFO - [2026-02-11T16:42:37.166+0000] {dagbag.py:538} INFO - Filling up the DagBag from /opt/airflow/dags/eth_blocks_to_postgres.py
[2026-02-11T16:42:37.542+0000] {processor.py:842} WARNING - No viable dags retrieved from /opt/airflow/dags/eth_blocks_to_postgres.py
[2026-02-11T16:42:37.617+0000] {processor.py:183} INFO - Processing /opt/airflow/dags/eth_blocks_to_postgres.py took 0.461 seconds
[2026-02-11T16:43:44.621+0000] {processor.py:161} INFO - Started process (PID=93) to work on /opt/airflow/dags/eth_blocks_to_postgres.py
[2026-02-11T16:43:44.633+0000] {processor.py:830} INFO - Processing file /opt/airflow/dags/eth_blocks_to_postgres.py for tasks to queue
[2026-02-11T16:43:44.645+0000] {logging_mixin.py:188} INFO - [2026-02-11T16:43:44.642+0000] {dagbag.py:538} INFO - Filling up the DagBag from /opt/airflow/dags/eth_blocks_to_postgres.py
[2026-02-11T16:43:44.951+0000] {processor.py:842} WARNING - No viable dags retrieved from /opt/airflow/dags/eth_blocks_to_postgres.py
[2026-02-11T16:43:45.066+0000] {processor.py:183} INFO - Processing /opt/airflow/dags/eth_blocks_to_postgres.py took 0.492 seconds
[2026-02-11T16:44:15.397+0000] {processor.py:161} INFO - Started process (PID=123) to work on /opt/airflow/dags/eth_blocks_to_postgres.py
[2026-02-11T16:44:15.398+0000] {processor.py:830} INFO - Processing file /opt/airflow/dags/eth_blocks_to_postgres.py for tasks to queue
[2026-02-11T16:44:15.399+0000] {logging_mixin.py:188} INFO - [2026-02-11T16:44:15.399+0000] {dagbag.py:538} INFO - Filling up the DagBag from /opt/airflow/dags/eth_blocks_to_postgres.py
[2026-02-11T16:44:15.598+0000] {processor.py:842} WARNING - No viable dags retrieved from /opt/airflow/dags/eth_blocks_to_postgres.py
[2026-02-11T16:44:15.691+0000] {processor.py:183} INFO - Processing /opt/airflow/dags/eth_blocks_to_postgres.py took 0.298 seconds
[2026-02-11T16:44:46.087+0000] {processor.py:161} INFO - Started process (PID=126) to work on /opt/airflow/dags/eth_blocks_to_postgres.py
[2026-02-11T16:44:46.096+0000] {processor.py:830} INFO - Processing file /opt/airflow/dags/eth_blocks_to_postgres.py for tasks to queue
[2026-02-11T16:44:46.100+0000] {logging_mixin.py:188} INFO - [2026-02-11T16:44:46.098+0000] {dagbag.py:538} INFO - Filling up the DagBag from /opt/airflow/dags/eth_blocks_to_postgres.py
[2026-02-11T16:44:46.394+0000] {processor.py:842} WARNING - No viable dags retrieved from /opt/airflow/dags/eth_blocks_to_postgres.py
[2026-02-11T16:44:46.513+0000] {processor.py:183} INFO - Processing /opt/airflow/dags/eth_blocks_to_postgres.py took 0.452 seconds
[2026-02-11T16:45:16.795+0000] {processor.py:161} INFO - Started process (PID=128) to work on /opt/airflow/dags/eth_blocks_to_postgres.py
[2026-02-11T16:45:16.797+0000] {processor.py:830} INFO - Processing file /opt/airflow/dags/eth_blocks_to_postgres.py for tasks to queue
[2026-02-11T16:45:16.799+0000] {logging_mixin.py:188} INFO - [2026-02-11T16:45:16.798+0000] {dagbag.py:538} INFO - Filling up the DagBag from /opt/airflow/dags/eth_blocks_to_postgres.py
[2026-02-11T16:45:16.987+0000] {processor.py:842} WARNING - No viable dags retrieved from /opt/airflow/dags/eth_blocks_to_postgres.py
[2026-02-11T16:45:17.073+0000] {processor.py:183} INFO - Processing /opt/airflow/dags/eth_blocks_to_postgres.py took 0.284 seconds
[2026-02-11T16:45:47.384+0000] {processor.py:161} INFO - Started process (PID=130) to work on /opt/airflow/dags/eth_blocks_to_postgres.py
[2026-02-11T16:45:47.385+0000] {processor.py:830} INFO - Processing file /opt/airflow/dags/eth_blocks_to_postgres.py for tasks to queue
[2026-02-11T16:45:47.387+0000] {logging_mixin.py:188} INFO - [2026-02-11T16:45:47.386+0000] {dagbag.py:538} INFO - Filling up the DagBag from /opt/airflow/dags/eth_blocks_to_postgres.py
[2026-02-11T16:45:47.486+0000] {processor.py:842} WARNING - No viable dags retrieved from /opt/airflow/dags/eth_blocks_to_postgres.py
[2026-02-11T16:45:47.515+0000] {processor.py:183} INFO - Processing /opt/airflow/dags/eth_blocks_to_postgres.py took 0.135 seconds
[2026-02-11T16:47:01.794+0000] {processor.py:161} INFO - Started process (PID=92) to work on /opt/airflow/dags/eth_blocks_to_postgres.py
[2026-02-11T16:47:01.820+0000] {processor.py:830} INFO - Processing file /opt/airflow/dags/eth_blocks_to_postgres.py for tasks to queue
[2026-02-11T16:47:01.833+0000] {logging_mixin.py:188} INFO - [2026-02-11T16:47:01.831+0000] {dagbag.py:538} INFO - Filling up the DagBag from /opt/airflow/dags/eth_blocks_to_postgres.py
[2026-02-11T16:47:02.236+0000] {processor.py:842} WARNING - No viable dags retrieved from /opt/airflow/dags/eth_blocks_to_postgres.py
[2026-02-11T16:47:02.385+0000] {processor.py:183} INFO - Processing /opt/airflow/dags/eth_blocks_to_postgres.py took 0.691 seconds
[2026-02-11T16:47:32.635+0000] {processor.py:161} INFO - Started process (PID=149) to work on /opt/airflow/dags/eth_blocks_to_postgres.py
[2026-02-11T16:47:32.636+0000] {processor.py:830} INFO - Processing file /opt/airflow/dags/eth_blocks_to_postgres.py for tasks to queue
[2026-02-11T16:47:32.638+0000] {logging_mixin.py:188} INFO - [2026-02-11T16:47:32.637+0000] {dagbag.py:538} INFO - Filling up the DagBag from /opt/airflow/dags/eth_blocks_to_postgres.py
[2026-02-11T16:47:32.802+0000] {processor.py:842} WARNING - No viable dags retrieved from /opt/airflow/dags/eth_blocks_to_postgres.py
[2026-02-11T16:47:32.862+0000] {processor.py:183} INFO - Processing /opt/airflow/dags/eth_blocks_to_postgres.py took 0.230 seconds
[2026-02-11T16:48:03.379+0000] {processor.py:161} INFO - Started process (PID=154) to work on /opt/airflow/dags/eth_blocks_to_postgres.py
[2026-02-11T16:48:03.382+0000] {processor.py:830} INFO - Processing file /opt/airflow/dags/eth_blocks_to_postgres.py for tasks to queue
[2026-02-11T16:48:03.386+0000] {logging_mixin.py:188} INFO - [2026-02-11T16:48:03.386+0000] {dagbag.py:538} INFO - Filling up the DagBag from /opt/airflow/dags/eth_blocks_to_postgres.py
[2026-02-11T16:48:03.745+0000] {processor.py:842} WARNING - No viable dags retrieved from /opt/airflow/dags/eth_blocks_to_postgres.py
[2026-02-11T16:48:03.910+0000] {processor.py:183} INFO - Processing /opt/airflow/dags/eth_blocks_to_postgres.py took 0.612 seconds
[2026-02-11T16:48:34.232+0000] {processor.py:161} INFO - Started process (PID=167) to work on /opt/airflow/dags/eth_blocks_to_postgres.py
[2026-02-11T16:48:34.234+0000] {processor.py:830} INFO - Processing file /opt/airflow/dags/eth_blocks_to_postgres.py for tasks to queue
[2026-02-11T16:48:34.238+0000] {logging_mixin.py:188} INFO - [2026-02-11T16:48:34.237+0000] {dagbag.py:538} INFO - Filling up the DagBag from /opt/airflow/dags/eth_blocks_to_postgres.py
[2026-02-11T16:48:34.338+0000] {processor.py:842} WARNING - No viable dags retrieved from /opt/airflow/dags/eth_blocks_to_postgres.py
[2026-02-11T16:48:34.358+0000] {processor.py:183} INFO - Processing /opt/airflow/dags/eth_blocks_to_postgres.py took 0.135 seconds
[2026-02-11T16:49:04.746+0000] {processor.py:161} INFO - Started process (PID=178) to work on /opt/airflow/dags/eth_blocks_to_postgres.py
[2026-02-11T16:49:04.748+0000] {processor.py:830} INFO - Processing file /opt/airflow/dags/eth_blocks_to_postgres.py for tasks to queue
[2026-02-11T16:49:04.750+0000] {logging_mixin.py:188} INFO - [2026-02-11T16:49:04.749+0000] {dagbag.py:538} INFO - Filling up the DagBag from /opt/airflow/dags/eth_blocks_to_postgres.py
[2026-02-11T16:49:05.117+0000] {processor.py:842} WARNING - No viable dags retrieved from /opt/airflow/dags/eth_blocks_to_postgres.py
[2026-02-11T16:49:05.244+0000] {processor.py:183} INFO - Processing /opt/airflow/dags/eth_blocks_to_postgres.py took 0.507 seconds
[2026-02-11T16:49:35.549+0000] {processor.py:161} INFO - Started process (PID=184) to work on /opt/airflow/dags/eth_blocks_to_postgres.py
[2026-02-11T16:49:35.551+0000] {processor.py:830} INFO - Processing file /opt/airflow/dags/eth_blocks_to_postgres.py for tasks to queue
[2026-02-11T16:49:35.553+0000] {logging_mixin.py:188} INFO - [2026-02-11T16:49:35.552+0000] {dagbag.py:538} INFO - Filling up the DagBag from /opt/airflow/dags/eth_blocks_to_postgres.py
[2026-02-11T16:49:35.635+0000] {processor.py:842} WARNING - No viable dags retrieved from /opt/airflow/dags/eth_blocks_to_postgres.py
[2026-02-11T16:49:35.664+0000] {processor.py:183} INFO - Processing /opt/airflow/dags/eth_blocks_to_postgres.py took 0.120 seconds
[2026-02-11T16:50:05.906+0000] {processor.py:161} INFO - Started process (PID=199) to work on /opt/airflow/dags/eth_blocks_to_postgres.py
[2026-02-11T16:50:05.907+0000] {processor.py:830} INFO - Processing file /opt/airflow/dags/eth_blocks_to_postgres.py for tasks to queue
[2026-02-11T16:50:05.908+0000] {logging_mixin.py:188} INFO - [2026-02-11T16:50:05.908+0000] {dagbag.py:538} INFO - Filling up the DagBag from /opt/airflow/dags/eth_blocks_to_postgres.py
[2026-02-11T16:50:05.976+0000] {processor.py:842} WARNING - No viable dags retrieved from /opt/airflow/dags/eth_blocks_to_postgres.py
[2026-02-11T16:50:06.000+0000] {processor.py:183} INFO - Processing /opt/airflow/dags/eth_blocks_to_postgres.py took 0.099 seconds
[2026-02-11T16:50:36.248+0000] {processor.py:161} INFO - Started process (PID=201) to work on /opt/airflow/dags/eth_blocks_to_postgres.py
[2026-02-11T16:50:36.249+0000] {processor.py:830} INFO - Processing file /opt/airflow/dags/eth_blocks_to_postgres.py for tasks to queue
[2026-02-11T16:50:36.251+0000] {logging_mixin.py:188} INFO - [2026-02-11T16:50:36.250+0000] {dagbag.py:538} INFO - Filling up the DagBag from /opt/airflow/dags/eth_blocks_to_postgres.py
[2026-02-11T16:50:36.343+0000] {processor.py:842} WARNING - No viable dags retrieved from /opt/airflow/dags/eth_blocks_to_postgres.py
[2026-02-11T16:50:36.369+0000] {processor.py:183} INFO - Processing /opt/airflow/dags/eth_blocks_to_postgres.py took 0.129 seconds
[2026-02-11T16:51:06.622+0000] {processor.py:161} INFO - Started process (PID=216) to work on /opt/airflow/dags/eth_blocks_to_postgres.py
[2026-02-11T16:51:06.623+0000] {processor.py:830} INFO - Processing file /opt/airflow/dags/eth_blocks_to_postgres.py for tasks to queue
[2026-02-11T16:51:06.625+0000] {logging_mixin.py:188} INFO - [2026-02-11T16:51:06.625+0000] {dagbag.py:538} INFO - Filling up the DagBag from /opt/airflow/dags/eth_blocks_to_postgres.py
[2026-02-11T16:51:06.708+0000] {processor.py:842} WARNING - No viable dags retrieved from /opt/airflow/dags/eth_blocks_to_postgres.py
[2026-02-11T16:51:06.729+0000] {processor.py:183} INFO - Processing /opt/airflow/dags/eth_blocks_to_postgres.py took 0.113 seconds
[2026-02-11T16:51:36.983+0000] {processor.py:161} INFO - Started process (PID=218) to work on /opt/airflow/dags/eth_blocks_to_postgres.py
[2026-02-11T16:51:36.984+0000] {processor.py:830} INFO - Processing file /opt/airflow/dags/eth_blocks_to_postgres.py for tasks to queue
[2026-02-11T16:51:36.986+0000] {logging_mixin.py:188} INFO - [2026-02-11T16:51:36.985+0000] {dagbag.py:538} INFO - Filling up the DagBag from /opt/airflow/dags/eth_blocks_to_postgres.py
[2026-02-11T16:51:37.057+0000] {processor.py:842} WARNING - No viable dags retrieved from /opt/airflow/dags/eth_blocks_to_postgres.py
[2026-02-11T16:51:37.082+0000] {processor.py:183} INFO - Processing /opt/airflow/dags/eth_blocks_to_postgres.py took 0.104 seconds
[2026-02-11T16:52:07.402+0000] {processor.py:161} INFO - Started process (PID=233) to work on /opt/airflow/dags/eth_blocks_to_postgres.py
[2026-02-11T16:52:07.403+0000] {processor.py:830} INFO - Processing file /opt/airflow/dags/eth_blocks_to_postgres.py for tasks to queue
[2026-02-11T16:52:07.404+0000] {logging_mixin.py:188} INFO - [2026-02-11T16:52:07.404+0000] {dagbag.py:538} INFO - Filling up the DagBag from /opt/airflow/dags/eth_blocks_to_postgres.py
[2026-02-11T16:52:07.510+0000] {processor.py:842} WARNING - No viable dags retrieved from /opt/airflow/dags/eth_blocks_to_postgres.py
[2026-02-11T16:52:07.548+0000] {processor.py:183} INFO - Processing /opt/airflow/dags/eth_blocks_to_postgres.py took 0.154 seconds
[2026-02-11T16:52:37.860+0000] {processor.py:161} INFO - Started process (PID=235) to work on /opt/airflow/dags/eth_blocks_to_postgres.py
[2026-02-11T16:52:37.861+0000] {processor.py:830} INFO - Processing file /opt/airflow/dags/eth_blocks_to_postgres.py for tasks to queue
[2026-02-11T16:52:37.863+0000] {logging_mixin.py:188} INFO - [2026-02-11T16:52:37.862+0000] {dagbag.py:538} INFO - Filling up the DagBag from /opt/airflow/dags/eth_blocks_to_postgres.py
[2026-02-11T16:52:37.935+0000] {processor.py:842} WARNING - No viable dags retrieved from /opt/airflow/dags/eth_blocks_to_postgres.py
[2026-02-11T16:52:37.959+0000] {processor.py:183} INFO - Processing /opt/airflow/dags/eth_blocks_to_postgres.py took 0.104 seconds
[2026-02-11T16:53:08.297+0000] {processor.py:161} INFO - Started process (PID=250) to work on /opt/airflow/dags/eth_blocks_to_postgres.py
[2026-02-11T16:53:08.298+0000] {processor.py:830} INFO - Processing file /opt/airflow/dags/eth_blocks_to_postgres.py for tasks to queue
[2026-02-11T16:53:08.299+0000] {logging_mixin.py:188} INFO - [2026-02-11T16:53:08.299+0000] {dagbag.py:538} INFO - Filling up the DagBag from /opt/airflow/dags/eth_blocks_to_postgres.py
[2026-02-11T16:53:08.366+0000] {processor.py:842} WARNING - No viable dags retrieved from /opt/airflow/dags/eth_blocks_to_postgres.py
[2026-02-11T16:53:08.387+0000] {processor.py:183} INFO - Processing /opt/airflow/dags/eth_blocks_to_postgres.py took 0.094 seconds
[2026-02-11T16:53:38.698+0000] {processor.py:161} INFO - Started process (PID=252) to work on /opt/airflow/dags/eth_blocks_to_postgres.py
[2026-02-11T16:53:38.700+0000] {processor.py:830} INFO - Processing file /opt/airflow/dags/eth_blocks_to_postgres.py for tasks to queue
[2026-02-11T16:53:38.701+0000] {logging_mixin.py:188} INFO - [2026-02-11T16:53:38.701+0000] {dagbag.py:538} INFO - Filling up the DagBag from /opt/airflow/dags/eth_blocks_to_postgres.py
[2026-02-11T16:53:38.770+0000] {processor.py:842} WARNING - No viable dags retrieved from /opt/airflow/dags/eth_blocks_to_postgres.py
[2026-02-11T16:53:38.791+0000] {processor.py:183} INFO - Processing /opt/airflow/dags/eth_blocks_to_postgres.py took 0.100 seconds
[2026-02-11T16:54:09.035+0000] {processor.py:161} INFO - Started process (PID=267) to work on /opt/airflow/dags/eth_blocks_to_postgres.py
[2026-02-11T16:54:09.037+0000] {processor.py:830} INFO - Processing file /opt/airflow/dags/eth_blocks_to_postgres.py for tasks to queue
[2026-02-11T16:54:09.038+0000] {logging_mixin.py:188} INFO - [2026-02-11T16:54:09.038+0000] {dagbag.py:538} INFO - Filling up the DagBag from /opt/airflow/dags/eth_blocks_to_postgres.py
[2026-02-11T16:54:09.111+0000] {processor.py:842} WARNING - No viable dags retrieved from /opt/airflow/dags/eth_blocks_to_postgres.py
[2026-02-11T16:54:09.130+0000] {processor.py:183} INFO - Processing /opt/airflow/dags/eth_blocks_to_postgres.py took 0.100 seconds
[2026-02-11T16:54:39.380+0000] {processor.py:161} INFO - Started process (PID=269) to work on /opt/airflow/dags/eth_blocks_to_postgres.py
[2026-02-11T16:54:39.382+0000] {processor.py:830} INFO - Processing file /opt/airflow/dags/eth_blocks_to_postgres.py for tasks to queue
[2026-02-11T16:54:39.383+0000] {logging_mixin.py:188} INFO - [2026-02-11T16:54:39.383+0000] {dagbag.py:538} INFO - Filling up the DagBag from /opt/airflow/dags/eth_blocks_to_postgres.py
[2026-02-11T16:54:39.471+0000] {processor.py:842} WARNING - No viable dags retrieved from /opt/airflow/dags/eth_blocks_to_postgres.py
[2026-02-11T16:54:39.491+0000] {processor.py:183} INFO - Processing /opt/airflow/dags/eth_blocks_to_postgres.py took 0.117 seconds
[2026-02-11T16:55:09.774+0000] {processor.py:161} INFO - Started process (PID=284) to work on /opt/airflow/dags/eth_blocks_to_postgres.py
[2026-02-11T16:55:09.776+0000] {processor.py:830} INFO - Processing file /opt/airflow/dags/eth_blocks_to_postgres.py for tasks to queue
[2026-02-11T16:55:09.778+0000] {logging_mixin.py:188} INFO - [2026-02-11T16:55:09.777+0000] {dagbag.py:538} INFO - Filling up the DagBag from /opt/airflow/dags/eth_blocks_to_postgres.py
[2026-02-11T16:55:09.869+0000] {processor.py:842} WARNING - No viable dags retrieved from /opt/airflow/dags/eth_blocks_to_postgres.py
[2026-02-11T16:55:09.887+0000] {processor.py:183} INFO - Processing /opt/airflow/dags/eth_blocks_to_postgres.py took 0.117 seconds
[2026-02-11T16:55:40.134+0000] {processor.py:161} INFO - Started process (PID=286) to work on /opt/airflow/dags/eth_blocks_to_postgres.py
[2026-02-11T16:55:40.135+0000] {processor.py:830} INFO - Processing file /opt/airflow/dags/eth_blocks_to_postgres.py for tasks to queue
[2026-02-11T16:55:40.136+0000] {logging_mixin.py:188} INFO - [2026-02-11T16:55:40.136+0000] {dagbag.py:538} INFO - Filling up the DagBag from /opt/airflow/dags/eth_blocks_to_postgres.py
[2026-02-11T16:55:40.228+0000] {processor.py:842} WARNING - No viable dags retrieved from /opt/airflow/dags/eth_blocks_to_postgres.py
[2026-02-11T16:55:40.262+0000] {processor.py:183} INFO - Processing /opt/airflow/dags/eth_blocks_to_postgres.py took 0.132 seconds
[2026-02-11T16:56:10.514+0000] {processor.py:161} INFO - Started process (PID=301) to work on /opt/airflow/dags/eth_blocks_to_postgres.py
[2026-02-11T16:56:10.515+0000] {processor.py:830} INFO - Processing file /opt/airflow/dags/eth_blocks_to_postgres.py for tasks to queue
[2026-02-11T16:56:10.517+0000] {logging_mixin.py:188} INFO - [2026-02-11T16:56:10.516+0000] {dagbag.py:538} INFO - Filling up the DagBag from /opt/airflow/dags/eth_blocks_to_postgres.py
[2026-02-11T16:56:10.594+0000] {processor.py:842} WARNING - No viable dags retrieved from /opt/airflow/dags/eth_blocks_to_postgres.py
[2026-02-11T16:56:10.619+0000] {processor.py:183} INFO - Processing /opt/airflow/dags/eth_blocks_to_postgres.py took 0.110 seconds
