[0m17:59:41.826547 [debug] [MainThread]: Sending event: {'category': 'dbt', 'action': 'invocation', 'label': 'start', 'context': [<snowplow_tracker.self_describing_json.SelfDescribingJson object at 0x0000019CFE0EA6F0>, <snowplow_tracker.self_describing_json.SelfDescribingJson object at 0x0000019C81E0D220>, <snowplow_tracker.self_describing_json.SelfDescribingJson object at 0x0000019C81E57380>]}


============================== 17:59:41.837747 | cc84b0a7-479b-4711-8acb-97316f170e5c ==============================
[0m17:59:41.837747 [info ] [MainThread]: Running with dbt=1.11.3
[0m17:59:41.838740 [debug] [MainThread]: running dbt with arguments {'printer_width': '80', 'target_path': 'None', 'cache_selected_only': 'False', 'warn_error': 'None', 'profiles_dir': 'C:\\Users\\User\\.dbt', 'debug': 'False', 'static_parser': 'True', 'log_cache_events': 'False', 'empty': 'None', 'log_format': 'default', 'quiet': 'False', 'use_colors': 'True', 'partial_parse': 'True', 'version_check': 'True', 'log_path': 'logs', 'introspect': 'True', 'invocation_command': 'dbt init wts_dbt', 'fail_fast': 'False', 'warn_error_options': 'WarnErrorOptionsV2(error=[], warn=[], silence=[])', 'no_print': 'None', 'send_anonymous_usage_stats': 'True', 'indirect_selection': 'eager', 'use_experimental_parser': 'False', 'write_json': 'True'}
[0m17:59:41.890391 [debug] [MainThread]: Starter project path: C:\Python312\Lib\site-packages\dbt\include\starter_project
[0m17:59:41.908612 [info ] [MainThread]: 
Your new dbt project "wts_dbt" was created!

For more information on how to configure the profiles.yml file,
please consult the dbt documentation here:

  https://docs.getdbt.com/docs/configure-your-profile

One more thing:

Need help? Don't hesitate to reach out to us via GitHub issues or on Slack:

  https://community.getdbt.com/

Happy modeling!

[0m17:59:41.909613 [info ] [MainThread]: Setting up your profile.
[0m18:00:39.577159 [info ] [MainThread]: Profile wts_dbt written to C:\Users\User\.dbt\profiles.yml using target's profile_template.yml and your supplied values. Run 'dbt debug' to validate the connection.
[0m18:00:39.579203 [debug] [MainThread]: Command `dbt init` succeeded at 18:00:39.578208 after 57.96 seconds
[0m18:00:39.579203 [debug] [MainThread]: Sending event: {'category': 'dbt', 'action': 'invocation', 'label': 'end', 'context': [<snowplow_tracker.self_describing_json.SelfDescribingJson object at 0x0000019CFF9931D0>, <snowplow_tracker.self_describing_json.SelfDescribingJson object at 0x0000019C8357C410>, <snowplow_tracker.self_describing_json.SelfDescribingJson object at 0x0000019C81E8B650>]}
[0m18:00:39.580203 [debug] [MainThread]: Flushing usage events
[0m18:00:40.224022 [debug] [MainThread]: An error was encountered while trying to flush usage events
[0m18:02:10.806907 [debug] [MainThread]: Sending event: {'category': 'dbt', 'action': 'invocation', 'label': 'start', 'context': [<snowplow_tracker.self_describing_json.SelfDescribingJson object at 0x0000024D57FE41A0>, <snowplow_tracker.self_describing_json.SelfDescribingJson object at 0x0000024D5AE120C0>, <snowplow_tracker.self_describing_json.SelfDescribingJson object at 0x0000024D5AE122A0>]}


============================== 18:02:10.811121 | 49256b57-e8d7-410d-8197-d02e819e4a1d ==============================
[0m18:02:10.811121 [info ] [MainThread]: Running with dbt=1.11.3
[0m18:02:10.812157 [debug] [MainThread]: running dbt with arguments {'printer_width': '80', 'target_path': 'None', 'cache_selected_only': 'False', 'warn_error': 'None', 'empty': 'None', 'debug': 'False', 'static_parser': 'True', 'log_cache_events': 'False', 'profiles_dir': 'C:\\Users\\User\\.dbt', 'log_format': 'default', 'quiet': 'False', 'use_colors': 'True', 'partial_parse': 'True', 'version_check': 'True', 'log_path': 'logs', 'introspect': 'True', 'warn_error_options': 'WarnErrorOptionsV2(error=[], warn=[], silence=[])', 'fail_fast': 'False', 'invocation_command': 'dbt debug', 'no_print': 'None', 'send_anonymous_usage_stats': 'True', 'indirect_selection': 'eager', 'write_json': 'True', 'use_experimental_parser': 'False'}
[0m18:02:10.832761 [info ] [MainThread]: dbt version: 1.11.3
[0m18:02:10.832761 [info ] [MainThread]: python version: 3.12.6
[0m18:02:10.833789 [info ] [MainThread]: python path: C:\Python312\python.exe
[0m18:02:10.833789 [info ] [MainThread]: os info: Windows-10-10.0.19045-SP0
[0m18:02:10.890618 [info ] [MainThread]: Using profiles dir at C:\Users\User\.dbt
[0m18:02:10.891629 [info ] [MainThread]: Using profiles.yml file at C:\Users\User\.dbt\profiles.yml
[0m18:02:10.891629 [info ] [MainThread]: Using dbt_project.yml file at C:\Users\User\desktop\dag-process\airflow\dbt_project.yml
[0m18:02:10.892619 [error] [MainThread]: Encountered an error:
Internal Error
  Profile should not be None if loading profile completed
[0m18:02:10.893589 [debug] [MainThread]: Command `dbt debug` failed at 18:02:10.893589 after 0.21 seconds
[0m18:02:10.894681 [debug] [MainThread]: Sending event: {'category': 'dbt', 'action': 'invocation', 'label': 'end', 'context': [<snowplow_tracker.self_describing_json.SelfDescribingJson object at 0x0000024D5AB65E80>, <snowplow_tracker.self_describing_json.SelfDescribingJson object at 0x0000024D5AFFF0E0>, <snowplow_tracker.self_describing_json.SelfDescribingJson object at 0x0000024D5B059A30>]}
[0m18:02:10.895230 [debug] [MainThread]: Flushing usage events
[0m18:02:11.648854 [debug] [MainThread]: An error was encountered while trying to flush usage events
[0m18:02:38.450267 [debug] [MainThread]: Sending event: {'category': 'dbt', 'action': 'invocation', 'label': 'start', 'context': [<snowplow_tracker.self_describing_json.SelfDescribingJson object at 0x000002BFC76C40B0>, <snowplow_tracker.self_describing_json.SelfDescribingJson object at 0x000002BFC7603140>, <snowplow_tracker.self_describing_json.SelfDescribingJson object at 0x000002BFC73DD670>]}


============================== 18:02:38.455311 | 0d24e473-d5f4-4bc9-9ca9-e198c0a82f09 ==============================
[0m18:02:38.455311 [info ] [MainThread]: Running with dbt=1.11.3
[0m18:02:38.456328 [debug] [MainThread]: running dbt with arguments {'printer_width': '80', 'use_experimental_parser': 'False', 'cache_selected_only': 'False', 'warn_error': 'None', 'empty': 'None', 'debug': 'False', 'static_parser': 'True', 'log_cache_events': 'False', 'profiles_dir': 'C:\\Users\\User\\.dbt', 'quiet': 'False', 'log_format': 'default', 'use_colors': 'True', 'partial_parse': 'True', 'version_check': 'True', 'log_path': 'logs', 'introspect': 'True', 'invocation_command': 'dbt debug', 'fail_fast': 'False', 'no_print': 'None', 'warn_error_options': 'WarnErrorOptionsV2(error=[], warn=[], silence=[])', 'send_anonymous_usage_stats': 'True', 'indirect_selection': 'eager', 'write_json': 'True', 'target_path': 'None'}
[0m18:02:38.473743 [info ] [MainThread]: dbt version: 1.11.3
[0m18:02:38.474744 [info ] [MainThread]: python version: 3.12.6
[0m18:02:38.475713 [info ] [MainThread]: python path: C:\Python312\python.exe
[0m18:02:38.475713 [info ] [MainThread]: os info: Windows-10-10.0.19045-SP0
[0m18:02:38.533585 [info ] [MainThread]: Using profiles dir at C:\Users\User\.dbt
[0m18:02:38.533585 [info ] [MainThread]: Using profiles.yml file at C:\Users\User\.dbt\profiles.yml
[0m18:02:38.534585 [info ] [MainThread]: Using dbt_project.yml file at C:\Users\User\desktop\dag-process\airflow\dbt_project.yml
[0m18:02:38.534585 [error] [MainThread]: Encountered an error:
Internal Error
  Profile should not be None if loading profile completed
[0m18:02:38.536761 [debug] [MainThread]: Command `dbt debug` failed at 18:02:38.535730 after 0.21 seconds
[0m18:02:38.536761 [debug] [MainThread]: Sending event: {'category': 'dbt', 'action': 'invocation', 'label': 'end', 'context': [<snowplow_tracker.self_describing_json.SelfDescribingJson object at 0x000002BFC7488E60>, <snowplow_tracker.self_describing_json.SelfDescribingJson object at 0x000002BFC8EAD520>, <snowplow_tracker.self_describing_json.SelfDescribingJson object at 0x000002BFC7BFAF90>]}
[0m18:02:38.537763 [debug] [MainThread]: Flushing usage events
[0m18:02:39.043363 [debug] [MainThread]: An error was encountered while trying to flush usage events
[0m18:05:33.819137 [debug] [MainThread]: Sending event: {'category': 'dbt', 'action': 'invocation', 'label': 'start', 'context': [<snowplow_tracker.self_describing_json.SelfDescribingJson object at 0x000001DF85868140>, <snowplow_tracker.self_describing_json.SelfDescribingJson object at 0x000001DF88923AD0>, <snowplow_tracker.self_describing_json.SelfDescribingJson object at 0x000001DF889230B0>]}


============================== 18:05:33.825042 | b7fcb4bf-94fb-48d5-b93a-af8fc96d25ba ==============================
[0m18:05:33.825042 [info ] [MainThread]: Running with dbt=1.11.3
[0m18:05:33.825042 [debug] [MainThread]: running dbt with arguments {'printer_width': '80', 'target_path': 'None', 'cache_selected_only': 'False', 'warn_error': 'None', 'profiles_dir': 'C:\\Users\\User\\.dbt', 'debug': 'False', 'static_parser': 'True', 'log_cache_events': 'False', 'empty': 'None', 'quiet': 'False', 'log_format': 'default', 'use_colors': 'True', 'partial_parse': 'True', 'version_check': 'True', 'log_path': 'logs', 'introspect': 'True', 'no_print': 'None', 'fail_fast': 'False', 'warn_error_options': 'WarnErrorOptionsV2(error=[], warn=[], silence=[])', 'invocation_command': 'dbt debug', 'send_anonymous_usage_stats': 'True', 'indirect_selection': 'eager', 'write_json': 'True', 'use_experimental_parser': 'False'}
[0m18:05:33.850362 [info ] [MainThread]: dbt version: 1.11.3
[0m18:05:33.851363 [info ] [MainThread]: python version: 3.12.6
[0m18:05:33.851363 [info ] [MainThread]: python path: C:\Python312\python.exe
[0m18:05:33.852364 [info ] [MainThread]: os info: Windows-10-10.0.19045-SP0
[0m18:05:33.926634 [info ] [MainThread]: Using profiles dir at C:\Users\User\.dbt
[0m18:05:33.926634 [info ] [MainThread]: Using profiles.yml file at C:\Users\User\.dbt\profiles.yml
[0m18:05:33.927633 [info ] [MainThread]: Using dbt_project.yml file at C:\Users\User\desktop\dag-process\airflow\dbt_project.yml
[0m18:05:33.927633 [error] [MainThread]: Encountered an error:
Internal Error
  Profile should not be None if loading profile completed
[0m18:05:33.929631 [debug] [MainThread]: Command `dbt debug` failed at 18:05:33.929631 after 0.24 seconds
[0m18:05:33.929631 [debug] [MainThread]: Sending event: {'category': 'dbt', 'action': 'invocation', 'label': 'end', 'context': [<snowplow_tracker.self_describing_json.SelfDescribingJson object at 0x000001DF892CA2A0>, <snowplow_tracker.self_describing_json.SelfDescribingJson object at 0x000001DF8A87CBC0>, <snowplow_tracker.self_describing_json.SelfDescribingJson object at 0x000001DF8A4F04A0>]}
[0m18:05:33.930631 [debug] [MainThread]: Flushing usage events
[0m18:05:34.529529 [debug] [MainThread]: An error was encountered while trying to flush usage events
[0m18:06:18.333535 [debug] [MainThread]: Sending event: {'category': 'dbt', 'action': 'invocation', 'label': 'start', 'context': [<snowplow_tracker.self_describing_json.SelfDescribingJson object at 0x000002140A1A4170>, <snowplow_tracker.self_describing_json.SelfDescribingJson object at 0x000002140CD25EB0>, <snowplow_tracker.self_describing_json.SelfDescribingJson object at 0x000002140CD27EF0>]}


============================== 18:06:18.337667 | 178c4a54-ae04-425e-83a9-9838efc0ee42 ==============================
[0m18:06:18.337667 [info ] [MainThread]: Running with dbt=1.11.3
[0m18:06:18.339250 [debug] [MainThread]: running dbt with arguments {'printer_width': '80', 'write_json': 'True', 'cache_selected_only': 'False', 'warn_error': 'None', 'empty': 'None', 'debug': 'False', 'static_parser': 'True', 'log_cache_events': 'False', 'profiles_dir': 'C:\\Users\\User\\.dbt', 'quiet': 'False', 'log_format': 'default', 'use_colors': 'True', 'partial_parse': 'True', 'version_check': 'True', 'log_path': 'logs', 'introspect': 'True', 'no_print': 'None', 'fail_fast': 'False', 'invocation_command': 'dbt debug', 'warn_error_options': 'WarnErrorOptionsV2(error=[], warn=[], silence=[])', 'send_anonymous_usage_stats': 'True', 'indirect_selection': 'eager', 'target_path': 'None', 'use_experimental_parser': 'False'}
[0m18:06:18.356445 [info ] [MainThread]: dbt version: 1.11.3
[0m18:06:18.357444 [info ] [MainThread]: python version: 3.12.6
[0m18:06:18.357444 [info ] [MainThread]: python path: C:\Python312\python.exe
[0m18:06:18.358452 [info ] [MainThread]: os info: Windows-10-10.0.19045-SP0
[0m18:06:18.422903 [info ] [MainThread]: Using profiles dir at C:\Users\User\.dbt
[0m18:06:18.423902 [info ] [MainThread]: Using profiles.yml file at C:\Users\User\.dbt\profiles.yml
[0m18:06:18.423902 [info ] [MainThread]: Using dbt_project.yml file at C:\Users\User\desktop\dag-process\airflow\dbt_project.yml
[0m18:06:18.424913 [error] [MainThread]: Encountered an error:
Internal Error
  Profile should not be None if loading profile completed
[0m18:06:18.426937 [debug] [MainThread]: Command `dbt debug` failed at 18:06:18.426937 after 0.23 seconds
[0m18:06:18.427929 [debug] [MainThread]: Sending event: {'category': 'dbt', 'action': 'invocation', 'label': 'end', 'context': [<snowplow_tracker.self_describing_json.SelfDescribingJson object at 0x000002140CBD1100>, <snowplow_tracker.self_describing_json.SelfDescribingJson object at 0x000002140D25EED0>, <snowplow_tracker.self_describing_json.SelfDescribingJson object at 0x000002140C400620>]}
[0m18:06:18.427929 [debug] [MainThread]: Flushing usage events
[0m18:06:18.947379 [debug] [MainThread]: An error was encountered while trying to flush usage events
[0m18:08:18.152235 [debug] [MainThread]: Sending event: {'category': 'dbt', 'action': 'invocation', 'label': 'start', 'context': [<snowplow_tracker.self_describing_json.SelfDescribingJson object at 0x0000020A19EB7020>, <snowplow_tracker.self_describing_json.SelfDescribingJson object at 0x0000020A17338140>, <snowplow_tracker.self_describing_json.SelfDescribingJson object at 0x0000020A177507A0>]}


============================== 18:08:18.157254 | af06db09-c644-4a0b-97c6-ec025ea184aa ==============================
[0m18:08:18.157254 [info ] [MainThread]: Running with dbt=1.11.3
[0m18:08:18.158251 [debug] [MainThread]: running dbt with arguments {'printer_width': '80', 'write_json': 'True', 'cache_selected_only': 'False', 'warn_error': 'None', 'profiles_dir': 'C:\\Users\\User\\.dbt', 'debug': 'False', 'static_parser': 'True', 'log_cache_events': 'False', 'empty': 'None', 'quiet': 'False', 'log_format': 'default', 'use_colors': 'True', 'partial_parse': 'True', 'version_check': 'True', 'log_path': 'logs', 'introspect': 'True', 'no_print': 'None', 'fail_fast': 'False', 'warn_error_options': 'WarnErrorOptionsV2(error=[], warn=[], silence=[])', 'invocation_command': 'dbt debug', 'send_anonymous_usage_stats': 'True', 'indirect_selection': 'eager', 'use_experimental_parser': 'False', 'target_path': 'None'}
[0m18:08:18.175555 [info ] [MainThread]: dbt version: 1.11.3
[0m18:08:18.176557 [info ] [MainThread]: python version: 3.12.6
[0m18:08:18.176557 [info ] [MainThread]: python path: C:\Python312\python.exe
[0m18:08:18.177555 [info ] [MainThread]: os info: Windows-10-10.0.19045-SP0
[0m18:08:18.241478 [info ] [MainThread]: Using profiles dir at C:\Users\User\.dbt
[0m18:08:18.242476 [info ] [MainThread]: Using profiles.yml file at C:\Users\User\.dbt\profiles.yml
[0m18:08:18.243262 [info ] [MainThread]: Using dbt_project.yml file at C:\Users\User\desktop\dag-process\airflow\dbt_project.yml
[0m18:08:18.244254 [error] [MainThread]: Encountered an error:
Internal Error
  Profile should not be None if loading profile completed
[0m18:08:18.245255 [debug] [MainThread]: Command `dbt debug` failed at 18:08:18.245255 after 0.23 seconds
[0m18:08:18.245255 [debug] [MainThread]: Sending event: {'category': 'dbt', 'action': 'invocation', 'label': 'end', 'context': [<snowplow_tracker.self_describing_json.SelfDescribingJson object at 0x0000020A19F35A00>, <snowplow_tracker.self_describing_json.SelfDescribingJson object at 0x0000020A1A4EB020>, <snowplow_tracker.self_describing_json.SelfDescribingJson object at 0x0000020A1B5531A0>]}
[0m18:08:18.246256 [debug] [MainThread]: Flushing usage events
[0m18:08:18.829180 [debug] [MainThread]: An error was encountered while trying to flush usage events
[0m18:11:23.342271 [debug] [MainThread]: Sending event: {'category': 'dbt', 'action': 'invocation', 'label': 'start', 'context': [<snowplow_tracker.self_describing_json.SelfDescribingJson object at 0x000001C701B0F320>, <snowplow_tracker.self_describing_json.SelfDescribingJson object at 0x000001C701A25670>, <snowplow_tracker.self_describing_json.SelfDescribingJson object at 0x000001C701A25880>]}


============================== 18:11:23.346778 | 778ea0fd-3c63-40b9-af14-77496453edfb ==============================
[0m18:11:23.346778 [info ] [MainThread]: Running with dbt=1.11.3
[0m18:11:23.346894 [debug] [MainThread]: running dbt with arguments {'printer_width': '80', 'target_path': 'None', 'cache_selected_only': 'False', 'warn_error': 'None', 'profiles_dir': 'C:\\Users\\User\\.dbt', 'debug': 'False', 'static_parser': 'True', 'log_cache_events': 'False', 'empty': 'None', 'log_format': 'default', 'quiet': 'False', 'use_colors': 'True', 'partial_parse': 'True', 'version_check': 'True', 'log_path': 'logs', 'introspect': 'True', 'no_print': 'None', 'fail_fast': 'False', 'invocation_command': 'dbt debug', 'warn_error_options': 'WarnErrorOptionsV2(error=[], warn=[], silence=[])', 'send_anonymous_usage_stats': 'True', 'indirect_selection': 'eager', 'write_json': 'True', 'use_experimental_parser': 'False'}
[0m18:11:23.365028 [info ] [MainThread]: dbt version: 1.11.3
[0m18:11:23.365803 [info ] [MainThread]: python version: 3.12.6
[0m18:11:23.365803 [info ] [MainThread]: python path: C:\Python312\python.exe
[0m18:11:23.366842 [info ] [MainThread]: os info: Windows-10-10.0.19045-SP0
[0m18:11:23.427462 [info ] [MainThread]: Using profiles dir at C:\Users\User\.dbt
[0m18:11:23.427462 [info ] [MainThread]: Using profiles.yml file at C:\Users\User\.dbt\profiles.yml
[0m18:11:23.428489 [info ] [MainThread]: Using dbt_project.yml file at C:\Users\User\desktop\dag-process\airflow\dbt_project.yml
[0m18:11:23.429459 [error] [MainThread]: Encountered an error:
Internal Error
  Profile should not be None if loading profile completed
[0m18:11:23.430488 [debug] [MainThread]: Command `dbt debug` failed at 18:11:23.430488 after 0.21 seconds
[0m18:11:23.431461 [debug] [MainThread]: Sending event: {'category': 'dbt', 'action': 'invocation', 'label': 'end', 'context': [<snowplow_tracker.self_describing_json.SelfDescribingJson object at 0x000001C701CC5400>, <snowplow_tracker.self_describing_json.SelfDescribingJson object at 0x000001C70353D790>, <snowplow_tracker.self_describing_json.SelfDescribingJson object at 0x000001C703278050>]}
[0m18:11:23.431461 [debug] [MainThread]: Flushing usage events
[0m18:11:24.051964 [debug] [MainThread]: An error was encountered while trying to flush usage events
[0m18:11:42.089257 [debug] [MainThread]: Sending event: {'category': 'dbt', 'action': 'invocation', 'label': 'start', 'context': [<snowplow_tracker.self_describing_json.SelfDescribingJson object at 0x00000199BA1BBE60>, <snowplow_tracker.self_describing_json.SelfDescribingJson object at 0x00000199BA10DF10>, <snowplow_tracker.self_describing_json.SelfDescribingJson object at 0x00000199BA10C2C0>]}


============================== 18:11:42.093268 | 20298a4b-fafe-4e1f-85e0-dc3e2018eb43 ==============================
[0m18:11:42.093268 [info ] [MainThread]: Running with dbt=1.11.3
[0m18:11:42.094299 [debug] [MainThread]: running dbt with arguments {'printer_width': '80', 'target_path': 'None', 'cache_selected_only': 'False', 'warn_error': 'None', 'profiles_dir': 'C:\\Users\\User\\.dbt', 'debug': 'False', 'static_parser': 'True', 'log_cache_events': 'False', 'empty': 'None', 'log_format': 'default', 'quiet': 'False', 'use_colors': 'True', 'partial_parse': 'True', 'version_check': 'True', 'log_path': 'logs', 'introspect': 'True', 'invocation_command': 'dbt debug', 'fail_fast': 'False', 'no_print': 'None', 'warn_error_options': 'WarnErrorOptionsV2(error=[], warn=[], silence=[])', 'send_anonymous_usage_stats': 'True', 'indirect_selection': 'eager', 'use_experimental_parser': 'False', 'write_json': 'True'}
[0m18:11:42.111636 [info ] [MainThread]: dbt version: 1.11.3
[0m18:11:42.112679 [info ] [MainThread]: python version: 3.12.6
[0m18:11:42.113660 [info ] [MainThread]: python path: C:\Python312\python.exe
[0m18:11:42.113660 [info ] [MainThread]: os info: Windows-10-10.0.19045-SP0
[0m18:11:42.172610 [info ] [MainThread]: Using profiles dir at C:\Users\User\.dbt
[0m18:11:42.173624 [info ] [MainThread]: Using profiles.yml file at C:\Users\User\.dbt\profiles.yml
[0m18:11:42.174237 [info ] [MainThread]: Using dbt_project.yml file at C:\Users\User\desktop\dag-process\airflow\dbt_project.yml
[0m18:11:42.175246 [info ] [MainThread]: adapter type: postgres
[0m18:11:42.176245 [info ] [MainThread]: adapter version: 1.10.0
[0m18:11:42.176245 [info ] [MainThread]: Configuration:
[0m18:11:42.177246 [info ] [MainThread]:   profiles.yml file [[32mOK found and valid[0m]
[0m18:11:42.177246 [info ] [MainThread]:   dbt_project.yml file [[31mERROR not found[0m]
[0m18:11:42.178245 [info ] [MainThread]: Required dependencies:
[0m18:11:42.179245 [debug] [MainThread]: Executing "git --help"
[0m18:11:42.198200 [debug] [MainThread]: STDOUT: "b"usage: git [-v | --version] [-h | --help] [-C <path>] [-c <name>=<value>]\n           [--exec-path[=<path>]] [--html-path] [--man-path] [--info-path]\n           [-p | --paginate | -P | --no-pager] [--no-replace-objects] [--no-lazy-fetch]\n           [--no-optional-locks] [--no-advice] [--bare] [--git-dir=<path>]\n           [--work-tree=<path>] [--namespace=<name>] [--config-env=<name>=<envvar>]\n           <command> [<args>]\n\nThese are common Git commands used in various situations:\n\nstart a working area (see also: git help tutorial)\n   clone      Clone a repository into a new directory\n   init       Create an empty Git repository or reinitialize an existing one\n\nwork on the current change (see also: git help everyday)\n   add        Add file contents to the index\n   mv         Move or rename a file, a directory, or a symlink\n   restore    Restore working tree files\n   rm         Remove files from the working tree and from the index\n\nexamine the history and state (see also: git help revisions)\n   bisect     Use binary search to find the commit that introduced a bug\n   diff       Show changes between commits, commit and working tree, etc\n   grep       Print lines matching a pattern\n   log        Show commit logs\n   show       Show various types of objects\n   status     Show the working tree status\n\ngrow, mark and tweak your common history\n   backfill   Download missing objects in a partial clone\n   branch     List, create, or delete branches\n   commit     Record changes to the repository\n   merge      Join two or more development histories together\n   rebase     Reapply commits on top of another base tip\n   reset      Reset current HEAD to the specified state\n   switch     Switch branches\n   tag        Create, list, delete or verify a tag object signed with GPG\n\ncollaborate (see also: git help workflows)\n   fetch      Download objects and refs from another repository\n   pull       Fetch from and integrate with another repository or a local branch\n   push       Update remote refs along with associated objects\n\n'git help -a' and 'git help -g' list available subcommands and some\nconcept guides. See 'git help <command>' or 'git help <concept>'\nto read about a specific subcommand or concept.\nSee 'git help git' for an overview of the system.\n""
[0m18:11:42.199227 [debug] [MainThread]: STDERR: "b''"
[0m18:11:42.199227 [info ] [MainThread]:  - git [[32mOK found[0m]

[0m18:11:42.200197 [info ] [MainThread]: Connection:
[0m18:11:42.200197 [info ] [MainThread]:   host: localhost
[0m18:11:42.201197 [info ] [MainThread]:   port: 5432
[0m18:11:42.201197 [info ] [MainThread]:   user: postgres
[0m18:11:42.202198 [info ] [MainThread]:   database: postgres
[0m18:11:42.202198 [info ] [MainThread]:   schema: analytics
[0m18:11:42.203155 [info ] [MainThread]:   connect_timeout: 10
[0m18:11:42.203155 [info ] [MainThread]:   role: None
[0m18:11:42.204155 [info ] [MainThread]:   search_path: None
[0m18:11:42.204155 [info ] [MainThread]:   keepalives_idle: 0
[0m18:11:42.205152 [info ] [MainThread]:   sslmode: None
[0m18:11:42.205152 [info ] [MainThread]:   sslcert: None
[0m18:11:42.206152 [info ] [MainThread]:   sslkey: None
[0m18:11:42.206152 [info ] [MainThread]:   sslrootcert: None
[0m18:11:42.207152 [info ] [MainThread]:   application_name: dbt
[0m18:11:42.207152 [info ] [MainThread]:   retries: 1
[0m18:11:42.208152 [info ] [MainThread]: Registered adapter: postgres=1.10.0
[0m18:11:42.543481 [debug] [MainThread]: Acquiring new postgres connection 'debug'
[0m18:11:42.677784 [debug] [MainThread]: Using postgres connection "debug"
[0m18:11:42.677784 [debug] [MainThread]: On debug: select 1 as id
[0m18:11:42.678835 [debug] [MainThread]: Opening a new connection, currently in state init
[0m18:11:42.707031 [debug] [MainThread]: Postgres adapter: Got a retryable error when attempting to open a postgres connection.
1 attempts remaining. Retrying in 0 seconds.
Error:
connection to server at "localhost" (::1), port 5432 failed: FATAL:  password authentication failed for user "postgres"

[0m18:11:42.720975 [debug] [MainThread]: Postgres adapter: Error running SQL: select 1 as id
[0m18:11:42.721676 [debug] [MainThread]: Postgres adapter: Rolling back transaction.
[0m18:11:42.722195 [debug] [MainThread]: On debug: No close available on handle
[0m18:11:42.722730 [info ] [MainThread]:   Connection test: [[31mERROR[0m]

[0m18:11:42.723262 [info ] [MainThread]: [31m2 checks failed:[0m
[0m18:11:42.723787 [info ] [MainThread]: Project loading failed for the following reason:
 project path <C:\Users\User\desktop\dag-process\airflow\dbt_project.yml> not found

[0m18:11:42.724818 [info ] [MainThread]: dbt was unable to connect to the specified database.
The database returned the following error:

  >Database Error
  connection to server at "localhost" (::1), port 5432 failed: FATAL:  password authentication failed for user "postgres"
  

Check your database credentials and try again. For more information, visit:
https://docs.getdbt.com/docs/configure-your-profile


[0m18:11:42.726464 [debug] [MainThread]: Command `dbt debug` failed at 18:11:42.725937 after 0.77 seconds
[0m18:11:42.726464 [debug] [MainThread]: Connection 'debug' was properly closed.
[0m18:11:42.726990 [debug] [MainThread]: Sending event: {'category': 'dbt', 'action': 'invocation', 'label': 'end', 'context': [<snowplow_tracker.self_describing_json.SelfDescribingJson object at 0x00000199BA3BBEF0>, <snowplow_tracker.self_describing_json.SelfDescribingJson object at 0x00000199BA3B9520>, <snowplow_tracker.self_describing_json.SelfDescribingJson object at 0x00000199BA3B8680>]}
[0m18:11:42.727515 [debug] [MainThread]: Flushing usage events
[0m18:11:43.230380 [debug] [MainThread]: An error was encountered while trying to flush usage events
[0m18:17:23.415272 [debug] [MainThread]: Sending event: {'category': 'dbt', 'action': 'invocation', 'label': 'start', 'context': [<snowplow_tracker.self_describing_json.SelfDescribingJson object at 0x000001D8C998B680>, <snowplow_tracker.self_describing_json.SelfDescribingJson object at 0x000001D8C9989910>, <snowplow_tracker.self_describing_json.SelfDescribingJson object at 0x000001D8C9FF2CF0>]}


============================== 18:17:23.419129 | 0469a56a-5aa5-4234-b049-5e5d90dfced3 ==============================
[0m18:17:23.419129 [info ] [MainThread]: Running with dbt=1.11.3
[0m18:17:23.420129 [debug] [MainThread]: running dbt with arguments {'printer_width': '80', 'write_json': 'True', 'cache_selected_only': 'False', 'warn_error': 'None', 'profiles_dir': 'C:\\Users\\User\\.dbt', 'debug': 'False', 'static_parser': 'True', 'log_cache_events': 'False', 'empty': 'None', 'log_format': 'default', 'quiet': 'False', 'use_colors': 'True', 'partial_parse': 'True', 'version_check': 'True', 'log_path': 'logs', 'introspect': 'True', 'warn_error_options': 'WarnErrorOptionsV2(error=[], warn=[], silence=[])', 'fail_fast': 'False', 'no_print': 'None', 'invocation_command': 'dbt debug --project-dir C:/Users/User/desktop/dag-process/airflow', 'send_anonymous_usage_stats': 'True', 'indirect_selection': 'eager', 'use_experimental_parser': 'False', 'target_path': 'None'}
[0m18:17:23.437876 [info ] [MainThread]: dbt version: 1.11.3
[0m18:17:23.438870 [info ] [MainThread]: python version: 3.12.6
[0m18:17:23.439870 [info ] [MainThread]: python path: C:\Python312\python.exe
[0m18:17:23.439870 [info ] [MainThread]: os info: Windows-10-10.0.19045-SP0
[0m18:17:23.515430 [info ] [MainThread]: Using profiles dir at C:\Users\User\.dbt
[0m18:17:23.515430 [info ] [MainThread]: Using profiles.yml file at C:\Users\User\.dbt\profiles.yml
[0m18:17:23.516430 [info ] [MainThread]: Using dbt_project.yml file at C:/Users/User/desktop/dag-process/airflow\dbt_project.yml
[0m18:17:23.518431 [info ] [MainThread]: adapter type: postgres
[0m18:17:23.519466 [info ] [MainThread]: adapter version: 1.10.0
[0m18:17:23.520429 [info ] [MainThread]: Configuration:
[0m18:17:23.521510 [info ] [MainThread]:   profiles.yml file [[32mOK found and valid[0m]
[0m18:17:23.521625 [info ] [MainThread]:   dbt_project.yml file [[31mERROR not found[0m]
[0m18:17:23.522630 [info ] [MainThread]: Required dependencies:
[0m18:17:23.522630 [debug] [MainThread]: Executing "git --help"
[0m18:17:23.550748 [debug] [MainThread]: STDOUT: "b"usage: git [-v | --version] [-h | --help] [-C <path>] [-c <name>=<value>]\n           [--exec-path[=<path>]] [--html-path] [--man-path] [--info-path]\n           [-p | --paginate | -P | --no-pager] [--no-replace-objects] [--no-lazy-fetch]\n           [--no-optional-locks] [--no-advice] [--bare] [--git-dir=<path>]\n           [--work-tree=<path>] [--namespace=<name>] [--config-env=<name>=<envvar>]\n           <command> [<args>]\n\nThese are common Git commands used in various situations:\n\nstart a working area (see also: git help tutorial)\n   clone      Clone a repository into a new directory\n   init       Create an empty Git repository or reinitialize an existing one\n\nwork on the current change (see also: git help everyday)\n   add        Add file contents to the index\n   mv         Move or rename a file, a directory, or a symlink\n   restore    Restore working tree files\n   rm         Remove files from the working tree and from the index\n\nexamine the history and state (see also: git help revisions)\n   bisect     Use binary search to find the commit that introduced a bug\n   diff       Show changes between commits, commit and working tree, etc\n   grep       Print lines matching a pattern\n   log        Show commit logs\n   show       Show various types of objects\n   status     Show the working tree status\n\ngrow, mark and tweak your common history\n   backfill   Download missing objects in a partial clone\n   branch     List, create, or delete branches\n   commit     Record changes to the repository\n   merge      Join two or more development histories together\n   rebase     Reapply commits on top of another base tip\n   reset      Reset current HEAD to the specified state\n   switch     Switch branches\n   tag        Create, list, delete or verify a tag object signed with GPG\n\ncollaborate (see also: git help workflows)\n   fetch      Download objects and refs from another repository\n   pull       Fetch from and integrate with another repository or a local branch\n   push       Update remote refs along with associated objects\n\n'git help -a' and 'git help -g' list available subcommands and some\nconcept guides. See 'git help <command>' or 'git help <concept>'\nto read about a specific subcommand or concept.\nSee 'git help git' for an overview of the system.\n""
[0m18:17:23.550748 [debug] [MainThread]: STDERR: "b''"
[0m18:17:23.551757 [info ] [MainThread]:  - git [[32mOK found[0m]

[0m18:17:23.552755 [info ] [MainThread]: Connection:
[0m18:17:23.554759 [info ] [MainThread]:   host: localhost
[0m18:17:23.554759 [info ] [MainThread]:   port: 5432
[0m18:17:23.555777 [info ] [MainThread]:   user: postgres
[0m18:17:23.556743 [info ] [MainThread]:   database: postgres
[0m18:17:23.556743 [info ] [MainThread]:   schema: analytics
[0m18:17:23.557742 [info ] [MainThread]:   connect_timeout: 10
[0m18:17:23.557742 [info ] [MainThread]:   role: None
[0m18:17:23.558742 [info ] [MainThread]:   search_path: None
[0m18:17:23.558742 [info ] [MainThread]:   keepalives_idle: 0
[0m18:17:23.559742 [info ] [MainThread]:   sslmode: None
[0m18:17:23.559742 [info ] [MainThread]:   sslcert: None
[0m18:17:23.560743 [info ] [MainThread]:   sslkey: None
[0m18:17:23.561744 [info ] [MainThread]:   sslrootcert: None
[0m18:17:23.561744 [info ] [MainThread]:   application_name: dbt
[0m18:17:23.562745 [info ] [MainThread]:   retries: 1
[0m18:17:23.564762 [info ] [MainThread]: Registered adapter: postgres=1.10.0
[0m18:17:23.851115 [debug] [MainThread]: Acquiring new postgres connection 'debug'
[0m18:17:23.922762 [debug] [MainThread]: Using postgres connection "debug"
[0m18:17:23.923746 [debug] [MainThread]: On debug: select 1 as id
[0m18:17:23.924263 [debug] [MainThread]: Opening a new connection, currently in state init
[0m18:17:23.942241 [debug] [MainThread]: Postgres adapter: Got a retryable error when attempting to open a postgres connection.
1 attempts remaining. Retrying in 0 seconds.
Error:
connection to server at "localhost" (::1), port 5432 failed: FATAL:  password authentication failed for user "postgres"

[0m18:17:23.969267 [debug] [MainThread]: Postgres adapter: Error running SQL: select 1 as id
[0m18:17:23.969814 [debug] [MainThread]: Postgres adapter: Rolling back transaction.
[0m18:17:23.970341 [debug] [MainThread]: On debug: No close available on handle
[0m18:17:23.970341 [info ] [MainThread]:   Connection test: [[31mERROR[0m]

[0m18:17:23.971384 [info ] [MainThread]: [31m2 checks failed:[0m
[0m18:17:23.971902 [info ] [MainThread]: Project loading failed for the following reason:
 project path <C:/Users/User/desktop/dag-process/airflow\dbt_project.yml> not found

[0m18:17:23.972435 [info ] [MainThread]: dbt was unable to connect to the specified database.
The database returned the following error:

  >Database Error
  connection to server at "localhost" (::1), port 5432 failed: FATAL:  password authentication failed for user "postgres"
  

Check your database credentials and try again. For more information, visit:
https://docs.getdbt.com/docs/configure-your-profile


[0m18:17:23.974007 [debug] [MainThread]: Command `dbt debug` failed at 18:17:23.974007 after 0.70 seconds
[0m18:17:23.974547 [debug] [MainThread]: Connection 'debug' was properly closed.
[0m18:17:23.974547 [debug] [MainThread]: Sending event: {'category': 'dbt', 'action': 'invocation', 'label': 'end', 'context': [<snowplow_tracker.self_describing_json.SelfDescribingJson object at 0x000001D8CB977F50>, <snowplow_tracker.self_describing_json.SelfDescribingJson object at 0x000001D8CA2D5D60>, <snowplow_tracker.self_describing_json.SelfDescribingJson object at 0x000001D8CA2D58B0>]}
[0m18:17:23.975519 [debug] [MainThread]: Flushing usage events
[0m18:17:24.573083 [debug] [MainThread]: An error was encountered while trying to flush usage events
[0m18:37:48.271308 [debug] [MainThread]: Sending event: {'category': 'dbt', 'action': 'invocation', 'label': 'start', 'context': [<snowplow_tracker.self_describing_json.SelfDescribingJson object at 0x0000020FD73C00B0>, <snowplow_tracker.self_describing_json.SelfDescribingJson object at 0x0000020FD736A750>, <snowplow_tracker.self_describing_json.SelfDescribingJson object at 0x0000020FD78F5E50>]}


============================== 18:37:48.275906 | 311efbc7-99fd-4da3-84ae-a50a7df47d65 ==============================
[0m18:37:48.275906 [info ] [MainThread]: Running with dbt=1.11.3
[0m18:37:48.276907 [debug] [MainThread]: running dbt with arguments {'printer_width': '80', 'use_experimental_parser': 'False', 'cache_selected_only': 'False', 'warn_error': 'None', 'empty': 'False', 'debug': 'False', 'static_parser': 'True', 'log_cache_events': 'False', 'profiles_dir': 'C:\\Users\\User\\.dbt', 'quiet': 'False', 'log_format': 'default', 'use_colors': 'True', 'partial_parse': 'True', 'version_check': 'True', 'log_path': 'logs', 'introspect': 'True', 'warn_error_options': 'WarnErrorOptionsV2(error=[], warn=[], silence=[])', 'fail_fast': 'False', 'no_print': 'None', 'invocation_command': 'dbt run --select tag:stg', 'send_anonymous_usage_stats': 'True', 'indirect_selection': 'eager', 'target_path': 'None', 'write_json': 'True'}
[0m18:37:48.277938 [error] [MainThread]: Encountered an error:
Runtime Error
  No dbt_project.yml found at expected path C:\Users\User\desktop\dag-process\airflow\dbt_project.yml
  Verify that each entry within packages.yml (and their transitive dependencies) contains a file named dbt_project.yml
  
[0m18:37:48.278941 [debug] [MainThread]: Command `dbt run` failed at 18:37:48.278941 after 0.15 seconds
[0m18:37:48.279955 [debug] [MainThread]: Sending event: {'category': 'dbt', 'action': 'invocation', 'label': 'end', 'context': [<snowplow_tracker.self_describing_json.SelfDescribingJson object at 0x0000020FD73C00B0>, <snowplow_tracker.self_describing_json.SelfDescribingJson object at 0x0000020FD7D3BD40>, <snowplow_tracker.self_describing_json.SelfDescribingJson object at 0x0000020FD7D3B6E0>]}
[0m18:37:48.279955 [debug] [MainThread]: Flushing usage events
[0m18:37:48.791986 [debug] [MainThread]: An error was encountered while trying to flush usage events
