[2026-02-13T08:45:30.682+0000] {processor.py:161} INFO - Started process (PID=119) to work on /opt/airflow/dags/wallet_trust_score_dag.py
[2026-02-13T08:45:30.684+0000] {processor.py:830} INFO - Processing file /opt/airflow/dags/wallet_trust_score_dag.py for tasks to queue
[2026-02-13T08:45:30.685+0000] {logging_mixin.py:188} INFO - [2026-02-13T08:45:30.685+0000] {dagbag.py:538} INFO - Filling up the DagBag from /opt/airflow/dags/wallet_trust_score_dag.py
[2026-02-13T08:45:32.270+0000] {processor.py:842} WARNING - No viable dags retrieved from /opt/airflow/dags/wallet_trust_score_dag.py
[2026-02-13T08:45:32.299+0000] {processor.py:183} INFO - Processing /opt/airflow/dags/wallet_trust_score_dag.py took 1.625 seconds
[2026-02-13T08:46:02.724+0000] {processor.py:161} INFO - Started process (PID=192) to work on /opt/airflow/dags/wallet_trust_score_dag.py
[2026-02-13T08:46:02.728+0000] {processor.py:830} INFO - Processing file /opt/airflow/dags/wallet_trust_score_dag.py for tasks to queue
[2026-02-13T08:46:02.732+0000] {logging_mixin.py:188} INFO - [2026-02-13T08:46:02.731+0000] {dagbag.py:538} INFO - Filling up the DagBag from /opt/airflow/dags/wallet_trust_score_dag.py
[2026-02-13T08:46:07.631+0000] {processor.py:842} WARNING - No viable dags retrieved from /opt/airflow/dags/wallet_trust_score_dag.py
[2026-02-13T08:46:07.667+0000] {processor.py:183} INFO - Processing /opt/airflow/dags/wallet_trust_score_dag.py took 4.991 seconds
[2026-02-13T08:46:38.012+0000] {processor.py:161} INFO - Started process (PID=250) to work on /opt/airflow/dags/wallet_trust_score_dag.py
[2026-02-13T08:46:38.014+0000] {processor.py:830} INFO - Processing file /opt/airflow/dags/wallet_trust_score_dag.py for tasks to queue
[2026-02-13T08:46:38.018+0000] {logging_mixin.py:188} INFO - [2026-02-13T08:46:38.016+0000] {dagbag.py:538} INFO - Filling up the DagBag from /opt/airflow/dags/wallet_trust_score_dag.py
[2026-02-13T08:46:39.419+0000] {processor.py:842} WARNING - No viable dags retrieved from /opt/airflow/dags/wallet_trust_score_dag.py
[2026-02-13T08:46:39.436+0000] {processor.py:183} INFO - Processing /opt/airflow/dags/wallet_trust_score_dag.py took 1.429 seconds
[2026-02-13T08:47:09.672+0000] {processor.py:161} INFO - Started process (PID=307) to work on /opt/airflow/dags/wallet_trust_score_dag.py
[2026-02-13T08:47:09.675+0000] {processor.py:830} INFO - Processing file /opt/airflow/dags/wallet_trust_score_dag.py for tasks to queue
[2026-02-13T08:47:09.676+0000] {logging_mixin.py:188} INFO - [2026-02-13T08:47:09.676+0000] {dagbag.py:538} INFO - Filling up the DagBag from /opt/airflow/dags/wallet_trust_score_dag.py
[2026-02-13T08:47:10.744+0000] {processor.py:842} WARNING - No viable dags retrieved from /opt/airflow/dags/wallet_trust_score_dag.py
[2026-02-13T08:47:10.761+0000] {processor.py:183} INFO - Processing /opt/airflow/dags/wallet_trust_score_dag.py took 1.092 seconds
[2026-02-13T08:47:41.071+0000] {processor.py:161} INFO - Started process (PID=325) to work on /opt/airflow/dags/wallet_trust_score_dag.py
[2026-02-13T08:47:41.073+0000] {processor.py:830} INFO - Processing file /opt/airflow/dags/wallet_trust_score_dag.py for tasks to queue
[2026-02-13T08:47:41.074+0000] {logging_mixin.py:188} INFO - [2026-02-13T08:47:41.074+0000] {dagbag.py:538} INFO - Filling up the DagBag from /opt/airflow/dags/wallet_trust_score_dag.py
[2026-02-13T08:47:42.174+0000] {processor.py:842} WARNING - No viable dags retrieved from /opt/airflow/dags/wallet_trust_score_dag.py
[2026-02-13T08:47:42.195+0000] {processor.py:183} INFO - Processing /opt/airflow/dags/wallet_trust_score_dag.py took 1.127 seconds
[2026-02-13T08:48:12.445+0000] {processor.py:161} INFO - Started process (PID=364) to work on /opt/airflow/dags/wallet_trust_score_dag.py
[2026-02-13T08:48:12.451+0000] {processor.py:830} INFO - Processing file /opt/airflow/dags/wallet_trust_score_dag.py for tasks to queue
[2026-02-13T08:48:12.455+0000] {logging_mixin.py:188} INFO - [2026-02-13T08:48:12.453+0000] {dagbag.py:538} INFO - Filling up the DagBag from /opt/airflow/dags/wallet_trust_score_dag.py
[2026-02-13T08:48:14.316+0000] {processor.py:842} WARNING - No viable dags retrieved from /opt/airflow/dags/wallet_trust_score_dag.py
[2026-02-13T08:48:14.338+0000] {processor.py:183} INFO - Processing /opt/airflow/dags/wallet_trust_score_dag.py took 1.912 seconds
[2026-02-13T08:48:44.687+0000] {processor.py:161} INFO - Started process (PID=421) to work on /opt/airflow/dags/wallet_trust_score_dag.py
[2026-02-13T08:48:44.688+0000] {processor.py:830} INFO - Processing file /opt/airflow/dags/wallet_trust_score_dag.py for tasks to queue
[2026-02-13T08:48:44.689+0000] {logging_mixin.py:188} INFO - [2026-02-13T08:48:44.689+0000] {dagbag.py:538} INFO - Filling up the DagBag from /opt/airflow/dags/wallet_trust_score_dag.py
[2026-02-13T08:48:45.749+0000] {processor.py:842} WARNING - No viable dags retrieved from /opt/airflow/dags/wallet_trust_score_dag.py
[2026-02-13T08:48:45.765+0000] {processor.py:183} INFO - Processing /opt/airflow/dags/wallet_trust_score_dag.py took 1.083 seconds
[2026-02-13T08:49:16.047+0000] {processor.py:161} INFO - Started process (PID=439) to work on /opt/airflow/dags/wallet_trust_score_dag.py
[2026-02-13T08:49:16.048+0000] {processor.py:830} INFO - Processing file /opt/airflow/dags/wallet_trust_score_dag.py for tasks to queue
[2026-02-13T08:49:16.049+0000] {logging_mixin.py:188} INFO - [2026-02-13T08:49:16.049+0000] {dagbag.py:538} INFO - Filling up the DagBag from /opt/airflow/dags/wallet_trust_score_dag.py
[2026-02-13T08:49:17.154+0000] {processor.py:842} WARNING - No viable dags retrieved from /opt/airflow/dags/wallet_trust_score_dag.py
[2026-02-13T08:49:17.171+0000] {processor.py:183} INFO - Processing /opt/airflow/dags/wallet_trust_score_dag.py took 1.128 seconds
[2026-02-13T08:49:47.414+0000] {processor.py:161} INFO - Started process (PID=457) to work on /opt/airflow/dags/wallet_trust_score_dag.py
[2026-02-13T08:49:47.415+0000] {processor.py:830} INFO - Processing file /opt/airflow/dags/wallet_trust_score_dag.py for tasks to queue
[2026-02-13T08:49:47.417+0000] {logging_mixin.py:188} INFO - [2026-02-13T08:49:47.417+0000] {dagbag.py:538} INFO - Filling up the DagBag from /opt/airflow/dags/wallet_trust_score_dag.py
[2026-02-13T08:49:48.537+0000] {processor.py:842} WARNING - No viable dags retrieved from /opt/airflow/dags/wallet_trust_score_dag.py
[2026-02-13T08:49:48.558+0000] {processor.py:183} INFO - Processing /opt/airflow/dags/wallet_trust_score_dag.py took 1.148 seconds
[2026-02-13T08:50:18.864+0000] {processor.py:161} INFO - Started process (PID=496) to work on /opt/airflow/dags/wallet_trust_score_dag.py
[2026-02-13T08:50:18.865+0000] {processor.py:830} INFO - Processing file /opt/airflow/dags/wallet_trust_score_dag.py for tasks to queue
[2026-02-13T08:50:18.866+0000] {logging_mixin.py:188} INFO - [2026-02-13T08:50:18.866+0000] {dagbag.py:538} INFO - Filling up the DagBag from /opt/airflow/dags/wallet_trust_score_dag.py
[2026-02-13T08:50:19.963+0000] {processor.py:842} WARNING - No viable dags retrieved from /opt/airflow/dags/wallet_trust_score_dag.py
[2026-02-13T08:50:19.982+0000] {processor.py:183} INFO - Processing /opt/airflow/dags/wallet_trust_score_dag.py took 1.122 seconds
[2026-02-13T08:50:50.481+0000] {processor.py:161} INFO - Started process (PID=553) to work on /opt/airflow/dags/wallet_trust_score_dag.py
[2026-02-13T08:50:50.483+0000] {processor.py:830} INFO - Processing file /opt/airflow/dags/wallet_trust_score_dag.py for tasks to queue
[2026-02-13T08:50:50.485+0000] {logging_mixin.py:188} INFO - [2026-02-13T08:50:50.484+0000] {dagbag.py:538} INFO - Filling up the DagBag from /opt/airflow/dags/wallet_trust_score_dag.py
[2026-02-13T08:50:52.250+0000] {processor.py:842} WARNING - No viable dags retrieved from /opt/airflow/dags/wallet_trust_score_dag.py
[2026-02-13T08:50:52.305+0000] {processor.py:183} INFO - Processing /opt/airflow/dags/wallet_trust_score_dag.py took 1.830 seconds
[2026-02-13T08:51:22.837+0000] {processor.py:161} INFO - Started process (PID=571) to work on /opt/airflow/dags/wallet_trust_score_dag.py
[2026-02-13T08:51:22.838+0000] {processor.py:830} INFO - Processing file /opt/airflow/dags/wallet_trust_score_dag.py for tasks to queue
[2026-02-13T08:51:22.840+0000] {logging_mixin.py:188} INFO - [2026-02-13T08:51:22.839+0000] {dagbag.py:538} INFO - Filling up the DagBag from /opt/airflow/dags/wallet_trust_score_dag.py
[2026-02-13T08:51:24.111+0000] {processor.py:842} WARNING - No viable dags retrieved from /opt/airflow/dags/wallet_trust_score_dag.py
[2026-02-13T08:51:24.130+0000] {processor.py:183} INFO - Processing /opt/airflow/dags/wallet_trust_score_dag.py took 1.298 seconds
[2026-02-13T08:51:54.417+0000] {processor.py:161} INFO - Started process (PID=589) to work on /opt/airflow/dags/wallet_trust_score_dag.py
[2026-02-13T08:51:54.419+0000] {processor.py:830} INFO - Processing file /opt/airflow/dags/wallet_trust_score_dag.py for tasks to queue
[2026-02-13T08:51:54.421+0000] {logging_mixin.py:188} INFO - [2026-02-13T08:51:54.420+0000] {dagbag.py:538} INFO - Filling up the DagBag from /opt/airflow/dags/wallet_trust_score_dag.py
[2026-02-13T08:51:56.288+0000] {processor.py:842} WARNING - No viable dags retrieved from /opt/airflow/dags/wallet_trust_score_dag.py
[2026-02-13T08:51:56.331+0000] {processor.py:183} INFO - Processing /opt/airflow/dags/wallet_trust_score_dag.py took 1.920 seconds
[2026-02-13T08:52:27.153+0000] {processor.py:161} INFO - Started process (PID=649) to work on /opt/airflow/dags/wallet_trust_score_dag.py
[2026-02-13T08:52:27.161+0000] {processor.py:830} INFO - Processing file /opt/airflow/dags/wallet_trust_score_dag.py for tasks to queue
[2026-02-13T08:52:27.168+0000] {logging_mixin.py:188} INFO - [2026-02-13T08:52:27.166+0000] {dagbag.py:538} INFO - Filling up the DagBag from /opt/airflow/dags/wallet_trust_score_dag.py
[2026-02-13T08:52:30.120+0000] {processor.py:842} WARNING - No viable dags retrieved from /opt/airflow/dags/wallet_trust_score_dag.py
[2026-02-13T08:52:30.209+0000] {processor.py:183} INFO - Processing /opt/airflow/dags/wallet_trust_score_dag.py took 3.098 seconds
[2026-02-13T08:53:00.585+0000] {processor.py:161} INFO - Started process (PID=685) to work on /opt/airflow/dags/wallet_trust_score_dag.py
[2026-02-13T08:53:00.588+0000] {processor.py:830} INFO - Processing file /opt/airflow/dags/wallet_trust_score_dag.py for tasks to queue
[2026-02-13T08:53:00.591+0000] {logging_mixin.py:188} INFO - [2026-02-13T08:53:00.590+0000] {dagbag.py:538} INFO - Filling up the DagBag from /opt/airflow/dags/wallet_trust_score_dag.py
[2026-02-13T08:53:02.316+0000] {processor.py:842} WARNING - No viable dags retrieved from /opt/airflow/dags/wallet_trust_score_dag.py
[2026-02-13T08:53:02.346+0000] {processor.py:183} INFO - Processing /opt/airflow/dags/wallet_trust_score_dag.py took 1.767 seconds
[2026-02-13T08:53:32.647+0000] {processor.py:161} INFO - Started process (PID=703) to work on /opt/airflow/dags/wallet_trust_score_dag.py
[2026-02-13T08:53:32.648+0000] {processor.py:830} INFO - Processing file /opt/airflow/dags/wallet_trust_score_dag.py for tasks to queue
[2026-02-13T08:53:32.649+0000] {logging_mixin.py:188} INFO - [2026-02-13T08:53:32.649+0000] {dagbag.py:538} INFO - Filling up the DagBag from /opt/airflow/dags/wallet_trust_score_dag.py
[2026-02-13T08:53:34.061+0000] {processor.py:842} WARNING - No viable dags retrieved from /opt/airflow/dags/wallet_trust_score_dag.py
[2026-02-13T08:53:34.082+0000] {processor.py:183} INFO - Processing /opt/airflow/dags/wallet_trust_score_dag.py took 1.439 seconds
[2026-02-13T08:54:04.325+0000] {processor.py:161} INFO - Started process (PID=738) to work on /opt/airflow/dags/wallet_trust_score_dag.py
[2026-02-13T08:54:04.326+0000] {processor.py:830} INFO - Processing file /opt/airflow/dags/wallet_trust_score_dag.py for tasks to queue
[2026-02-13T08:54:04.328+0000] {logging_mixin.py:188} INFO - [2026-02-13T08:54:04.327+0000] {dagbag.py:538} INFO - Filling up the DagBag from /opt/airflow/dags/wallet_trust_score_dag.py
[2026-02-13T08:54:05.675+0000] {processor.py:842} WARNING - No viable dags retrieved from /opt/airflow/dags/wallet_trust_score_dag.py
[2026-02-13T08:54:05.695+0000] {processor.py:183} INFO - Processing /opt/airflow/dags/wallet_trust_score_dag.py took 1.374 seconds
[2026-02-13T08:54:36.017+0000] {processor.py:161} INFO - Started process (PID=799) to work on /opt/airflow/dags/wallet_trust_score_dag.py
[2026-02-13T08:54:36.020+0000] {processor.py:830} INFO - Processing file /opt/airflow/dags/wallet_trust_score_dag.py for tasks to queue
[2026-02-13T08:54:36.024+0000] {logging_mixin.py:188} INFO - [2026-02-13T08:54:36.023+0000] {dagbag.py:538} INFO - Filling up the DagBag from /opt/airflow/dags/wallet_trust_score_dag.py
[2026-02-13T08:54:37.291+0000] {processor.py:842} WARNING - No viable dags retrieved from /opt/airflow/dags/wallet_trust_score_dag.py
[2026-02-13T08:54:37.311+0000] {processor.py:183} INFO - Processing /opt/airflow/dags/wallet_trust_score_dag.py took 1.305 seconds
[2026-02-13T08:55:07.571+0000] {processor.py:161} INFO - Started process (PID=817) to work on /opt/airflow/dags/wallet_trust_score_dag.py
[2026-02-13T08:55:07.573+0000] {processor.py:830} INFO - Processing file /opt/airflow/dags/wallet_trust_score_dag.py for tasks to queue
[2026-02-13T08:55:07.575+0000] {logging_mixin.py:188} INFO - [2026-02-13T08:55:07.574+0000] {dagbag.py:538} INFO - Filling up the DagBag from /opt/airflow/dags/wallet_trust_score_dag.py
[2026-02-13T08:55:09.006+0000] {processor.py:842} WARNING - No viable dags retrieved from /opt/airflow/dags/wallet_trust_score_dag.py
[2026-02-13T08:55:09.026+0000] {processor.py:183} INFO - Processing /opt/airflow/dags/wallet_trust_score_dag.py took 1.459 seconds
[2026-02-13T08:55:39.437+0000] {processor.py:161} INFO - Started process (PID=835) to work on /opt/airflow/dags/wallet_trust_score_dag.py
[2026-02-13T08:55:39.438+0000] {processor.py:830} INFO - Processing file /opt/airflow/dags/wallet_trust_score_dag.py for tasks to queue
[2026-02-13T08:55:39.439+0000] {logging_mixin.py:188} INFO - [2026-02-13T08:55:39.439+0000] {dagbag.py:538} INFO - Filling up the DagBag from /opt/airflow/dags/wallet_trust_score_dag.py
[2026-02-13T08:55:40.606+0000] {processor.py:842} WARNING - No viable dags retrieved from /opt/airflow/dags/wallet_trust_score_dag.py
[2026-02-13T08:55:40.625+0000] {processor.py:183} INFO - Processing /opt/airflow/dags/wallet_trust_score_dag.py took 1.192 seconds
[2026-02-13T08:56:10.874+0000] {processor.py:161} INFO - Started process (PID=874) to work on /opt/airflow/dags/wallet_trust_score_dag.py
[2026-02-13T08:56:10.876+0000] {processor.py:830} INFO - Processing file /opt/airflow/dags/wallet_trust_score_dag.py for tasks to queue
[2026-02-13T08:56:10.877+0000] {logging_mixin.py:188} INFO - [2026-02-13T08:56:10.876+0000] {dagbag.py:538} INFO - Filling up the DagBag from /opt/airflow/dags/wallet_trust_score_dag.py
[2026-02-13T08:56:12.066+0000] {processor.py:842} WARNING - No viable dags retrieved from /opt/airflow/dags/wallet_trust_score_dag.py
[2026-02-13T08:56:12.089+0000] {processor.py:183} INFO - Processing /opt/airflow/dags/wallet_trust_score_dag.py took 1.219 seconds
[2026-02-13T08:56:42.437+0000] {processor.py:161} INFO - Started process (PID=931) to work on /opt/airflow/dags/wallet_trust_score_dag.py
[2026-02-13T08:56:42.439+0000] {processor.py:830} INFO - Processing file /opt/airflow/dags/wallet_trust_score_dag.py for tasks to queue
[2026-02-13T08:56:42.441+0000] {logging_mixin.py:188} INFO - [2026-02-13T08:56:42.441+0000] {dagbag.py:538} INFO - Filling up the DagBag from /opt/airflow/dags/wallet_trust_score_dag.py
[2026-02-13T08:56:44.307+0000] {processor.py:842} WARNING - No viable dags retrieved from /opt/airflow/dags/wallet_trust_score_dag.py
[2026-02-13T08:56:44.327+0000] {processor.py:183} INFO - Processing /opt/airflow/dags/wallet_trust_score_dag.py took 1.899 seconds
[2026-02-13T08:57:14.716+0000] {processor.py:161} INFO - Started process (PID=949) to work on /opt/airflow/dags/wallet_trust_score_dag.py
[2026-02-13T08:57:14.718+0000] {processor.py:830} INFO - Processing file /opt/airflow/dags/wallet_trust_score_dag.py for tasks to queue
[2026-02-13T08:57:14.721+0000] {logging_mixin.py:188} INFO - [2026-02-13T08:57:14.720+0000] {dagbag.py:538} INFO - Filling up the DagBag from /opt/airflow/dags/wallet_trust_score_dag.py
[2026-02-13T08:57:15.912+0000] {processor.py:842} WARNING - No viable dags retrieved from /opt/airflow/dags/wallet_trust_score_dag.py
[2026-02-13T08:57:15.930+0000] {processor.py:183} INFO - Processing /opt/airflow/dags/wallet_trust_score_dag.py took 1.218 seconds
[2026-02-13T08:57:46.261+0000] {processor.py:161} INFO - Started process (PID=967) to work on /opt/airflow/dags/wallet_trust_score_dag.py
[2026-02-13T08:57:46.263+0000] {processor.py:830} INFO - Processing file /opt/airflow/dags/wallet_trust_score_dag.py for tasks to queue
[2026-02-13T08:57:46.265+0000] {logging_mixin.py:188} INFO - [2026-02-13T08:57:46.264+0000] {dagbag.py:538} INFO - Filling up the DagBag from /opt/airflow/dags/wallet_trust_score_dag.py
[2026-02-13T08:57:47.563+0000] {processor.py:842} WARNING - No viable dags retrieved from /opt/airflow/dags/wallet_trust_score_dag.py
[2026-02-13T08:57:47.583+0000] {processor.py:183} INFO - Processing /opt/airflow/dags/wallet_trust_score_dag.py took 1.328 seconds
[2026-02-13T08:58:17.848+0000] {processor.py:161} INFO - Started process (PID=1027) to work on /opt/airflow/dags/wallet_trust_score_dag.py
[2026-02-13T08:58:17.849+0000] {processor.py:830} INFO - Processing file /opt/airflow/dags/wallet_trust_score_dag.py for tasks to queue
[2026-02-13T08:58:17.851+0000] {logging_mixin.py:188} INFO - [2026-02-13T08:58:17.851+0000] {dagbag.py:538} INFO - Filling up the DagBag from /opt/airflow/dags/wallet_trust_score_dag.py
[2026-02-13T08:58:19.710+0000] {processor.py:842} WARNING - No viable dags retrieved from /opt/airflow/dags/wallet_trust_score_dag.py
[2026-02-13T08:58:19.757+0000] {processor.py:183} INFO - Processing /opt/airflow/dags/wallet_trust_score_dag.py took 1.916 seconds
[2026-02-13T08:58:50.134+0000] {processor.py:161} INFO - Started process (PID=1063) to work on /opt/airflow/dags/wallet_trust_score_dag.py
[2026-02-13T08:58:50.136+0000] {processor.py:830} INFO - Processing file /opt/airflow/dags/wallet_trust_score_dag.py for tasks to queue
[2026-02-13T08:58:50.137+0000] {logging_mixin.py:188} INFO - [2026-02-13T08:58:50.137+0000] {dagbag.py:538} INFO - Filling up the DagBag from /opt/airflow/dags/wallet_trust_score_dag.py
[2026-02-13T08:58:51.373+0000] {processor.py:842} WARNING - No viable dags retrieved from /opt/airflow/dags/wallet_trust_score_dag.py
[2026-02-13T08:58:51.393+0000] {processor.py:183} INFO - Processing /opt/airflow/dags/wallet_trust_score_dag.py took 1.264 seconds
[2026-02-13T08:59:21.633+0000] {processor.py:161} INFO - Started process (PID=1081) to work on /opt/airflow/dags/wallet_trust_score_dag.py
[2026-02-13T08:59:21.634+0000] {processor.py:830} INFO - Processing file /opt/airflow/dags/wallet_trust_score_dag.py for tasks to queue
[2026-02-13T08:59:21.635+0000] {logging_mixin.py:188} INFO - [2026-02-13T08:59:21.635+0000] {dagbag.py:538} INFO - Filling up the DagBag from /opt/airflow/dags/wallet_trust_score_dag.py
[2026-02-13T08:59:22.761+0000] {processor.py:842} WARNING - No viable dags retrieved from /opt/airflow/dags/wallet_trust_score_dag.py
[2026-02-13T08:59:22.778+0000] {processor.py:183} INFO - Processing /opt/airflow/dags/wallet_trust_score_dag.py took 1.149 seconds
[2026-02-13T08:59:53.040+0000] {processor.py:161} INFO - Started process (PID=1099) to work on /opt/airflow/dags/wallet_trust_score_dag.py
[2026-02-13T08:59:53.042+0000] {processor.py:830} INFO - Processing file /opt/airflow/dags/wallet_trust_score_dag.py for tasks to queue
[2026-02-13T08:59:53.044+0000] {logging_mixin.py:188} INFO - [2026-02-13T08:59:53.043+0000] {dagbag.py:538} INFO - Filling up the DagBag from /opt/airflow/dags/wallet_trust_score_dag.py
[2026-02-13T08:59:54.385+0000] {processor.py:842} WARNING - No viable dags retrieved from /opt/airflow/dags/wallet_trust_score_dag.py
[2026-02-13T08:59:54.402+0000] {processor.py:183} INFO - Processing /opt/airflow/dags/wallet_trust_score_dag.py took 1.372 seconds
[2026-02-13T09:00:24.700+0000] {processor.py:161} INFO - Started process (PID=1161) to work on /opt/airflow/dags/wallet_trust_score_dag.py
[2026-02-13T09:00:24.702+0000] {processor.py:830} INFO - Processing file /opt/airflow/dags/wallet_trust_score_dag.py for tasks to queue
[2026-02-13T09:00:24.704+0000] {logging_mixin.py:188} INFO - [2026-02-13T09:00:24.703+0000] {dagbag.py:538} INFO - Filling up the DagBag from /opt/airflow/dags/wallet_trust_score_dag.py
[2026-02-13T09:00:26.218+0000] {processor.py:842} WARNING - No viable dags retrieved from /opt/airflow/dags/wallet_trust_score_dag.py
[2026-02-13T09:00:26.243+0000] {processor.py:183} INFO - Processing /opt/airflow/dags/wallet_trust_score_dag.py took 1.548 seconds
[2026-02-13T09:00:56.579+0000] {processor.py:161} INFO - Started process (PID=1195) to work on /opt/airflow/dags/wallet_trust_score_dag.py
[2026-02-13T09:00:56.582+0000] {processor.py:830} INFO - Processing file /opt/airflow/dags/wallet_trust_score_dag.py for tasks to queue
[2026-02-13T09:00:56.585+0000] {logging_mixin.py:188} INFO - [2026-02-13T09:00:56.584+0000] {dagbag.py:538} INFO - Filling up the DagBag from /opt/airflow/dags/wallet_trust_score_dag.py
[2026-02-13T09:00:58.266+0000] {processor.py:842} WARNING - No viable dags retrieved from /opt/airflow/dags/wallet_trust_score_dag.py
[2026-02-13T09:00:58.297+0000] {processor.py:183} INFO - Processing /opt/airflow/dags/wallet_trust_score_dag.py took 1.732 seconds
[2026-02-13T09:01:28.533+0000] {processor.py:161} INFO - Started process (PID=1213) to work on /opt/airflow/dags/wallet_trust_score_dag.py
[2026-02-13T09:01:28.534+0000] {processor.py:830} INFO - Processing file /opt/airflow/dags/wallet_trust_score_dag.py for tasks to queue
[2026-02-13T09:01:28.535+0000] {logging_mixin.py:188} INFO - [2026-02-13T09:01:28.535+0000] {dagbag.py:538} INFO - Filling up the DagBag from /opt/airflow/dags/wallet_trust_score_dag.py
[2026-02-13T09:01:29.645+0000] {processor.py:842} WARNING - No viable dags retrieved from /opt/airflow/dags/wallet_trust_score_dag.py
[2026-02-13T09:01:29.661+0000] {processor.py:183} INFO - Processing /opt/airflow/dags/wallet_trust_score_dag.py took 1.132 seconds
[2026-02-13T09:01:59.909+0000] {processor.py:161} INFO - Started process (PID=1231) to work on /opt/airflow/dags/wallet_trust_score_dag.py
[2026-02-13T09:01:59.910+0000] {processor.py:830} INFO - Processing file /opt/airflow/dags/wallet_trust_score_dag.py for tasks to queue
[2026-02-13T09:01:59.912+0000] {logging_mixin.py:188} INFO - [2026-02-13T09:01:59.911+0000] {dagbag.py:538} INFO - Filling up the DagBag from /opt/airflow/dags/wallet_trust_score_dag.py
[2026-02-13T09:02:01.348+0000] {processor.py:842} WARNING - No viable dags retrieved from /opt/airflow/dags/wallet_trust_score_dag.py
[2026-02-13T09:02:01.376+0000] {processor.py:183} INFO - Processing /opt/airflow/dags/wallet_trust_score_dag.py took 1.474 seconds
[2026-02-13T09:02:31.708+0000] {processor.py:161} INFO - Started process (PID=1309) to work on /opt/airflow/dags/wallet_trust_score_dag.py
[2026-02-13T09:02:31.709+0000] {processor.py:830} INFO - Processing file /opt/airflow/dags/wallet_trust_score_dag.py for tasks to queue
[2026-02-13T09:02:31.710+0000] {logging_mixin.py:188} INFO - [2026-02-13T09:02:31.710+0000] {dagbag.py:538} INFO - Filling up the DagBag from /opt/airflow/dags/wallet_trust_score_dag.py
[2026-02-13T09:02:32.958+0000] {processor.py:842} WARNING - No viable dags retrieved from /opt/airflow/dags/wallet_trust_score_dag.py
[2026-02-13T09:02:32.975+0000] {processor.py:183} INFO - Processing /opt/airflow/dags/wallet_trust_score_dag.py took 1.272 seconds
[2026-02-13T09:03:03.217+0000] {processor.py:161} INFO - Started process (PID=1327) to work on /opt/airflow/dags/wallet_trust_score_dag.py
[2026-02-13T09:03:03.219+0000] {processor.py:830} INFO - Processing file /opt/airflow/dags/wallet_trust_score_dag.py for tasks to queue
[2026-02-13T09:03:03.220+0000] {logging_mixin.py:188} INFO - [2026-02-13T09:03:03.220+0000] {dagbag.py:538} INFO - Filling up the DagBag from /opt/airflow/dags/wallet_trust_score_dag.py
[2026-02-13T09:03:04.810+0000] {processor.py:842} WARNING - No viable dags retrieved from /opt/airflow/dags/wallet_trust_score_dag.py
[2026-02-13T09:03:04.827+0000] {processor.py:183} INFO - Processing /opt/airflow/dags/wallet_trust_score_dag.py took 1.616 seconds
[2026-02-13T09:03:35.077+0000] {processor.py:161} INFO - Started process (PID=1345) to work on /opt/airflow/dags/wallet_trust_score_dag.py
[2026-02-13T09:03:35.079+0000] {processor.py:830} INFO - Processing file /opt/airflow/dags/wallet_trust_score_dag.py for tasks to queue
[2026-02-13T09:03:35.080+0000] {logging_mixin.py:188} INFO - [2026-02-13T09:03:35.079+0000] {dagbag.py:538} INFO - Filling up the DagBag from /opt/airflow/dags/wallet_trust_score_dag.py
[2026-02-13T09:03:36.257+0000] {processor.py:842} WARNING - No viable dags retrieved from /opt/airflow/dags/wallet_trust_score_dag.py
[2026-02-13T09:03:36.277+0000] {processor.py:183} INFO - Processing /opt/airflow/dags/wallet_trust_score_dag.py took 1.205 seconds
[2026-02-13T09:04:06.537+0000] {processor.py:161} INFO - Started process (PID=1384) to work on /opt/airflow/dags/wallet_trust_score_dag.py
[2026-02-13T09:04:06.542+0000] {processor.py:830} INFO - Processing file /opt/airflow/dags/wallet_trust_score_dag.py for tasks to queue
[2026-02-13T09:04:06.552+0000] {logging_mixin.py:188} INFO - [2026-02-13T09:04:06.551+0000] {dagbag.py:538} INFO - Filling up the DagBag from /opt/airflow/dags/wallet_trust_score_dag.py
[2026-02-13T09:04:08.473+0000] {processor.py:842} WARNING - No viable dags retrieved from /opt/airflow/dags/wallet_trust_score_dag.py
[2026-02-13T09:04:08.491+0000] {processor.py:183} INFO - Processing /opt/airflow/dags/wallet_trust_score_dag.py took 1.965 seconds
[2026-02-13T09:04:38.830+0000] {processor.py:161} INFO - Started process (PID=1441) to work on /opt/airflow/dags/wallet_trust_score_dag.py
[2026-02-13T09:04:38.832+0000] {processor.py:830} INFO - Processing file /opt/airflow/dags/wallet_trust_score_dag.py for tasks to queue
[2026-02-13T09:04:38.834+0000] {logging_mixin.py:188} INFO - [2026-02-13T09:04:38.833+0000] {dagbag.py:538} INFO - Filling up the DagBag from /opt/airflow/dags/wallet_trust_score_dag.py
[2026-02-13T09:04:40.060+0000] {processor.py:842} WARNING - No viable dags retrieved from /opt/airflow/dags/wallet_trust_score_dag.py
[2026-02-13T09:04:40.077+0000] {processor.py:183} INFO - Processing /opt/airflow/dags/wallet_trust_score_dag.py took 1.252 seconds
[2026-02-13T09:05:10.310+0000] {processor.py:161} INFO - Started process (PID=1459) to work on /opt/airflow/dags/wallet_trust_score_dag.py
[2026-02-13T09:05:10.311+0000] {processor.py:830} INFO - Processing file /opt/airflow/dags/wallet_trust_score_dag.py for tasks to queue
[2026-02-13T09:05:10.313+0000] {logging_mixin.py:188} INFO - [2026-02-13T09:05:10.312+0000] {dagbag.py:538} INFO - Filling up the DagBag from /opt/airflow/dags/wallet_trust_score_dag.py
[2026-02-13T09:05:11.486+0000] {processor.py:842} WARNING - No viable dags retrieved from /opt/airflow/dags/wallet_trust_score_dag.py
[2026-02-13T09:05:11.507+0000] {processor.py:183} INFO - Processing /opt/airflow/dags/wallet_trust_score_dag.py took 1.201 seconds
[2026-02-13T09:05:41.870+0000] {processor.py:161} INFO - Started process (PID=1477) to work on /opt/airflow/dags/wallet_trust_score_dag.py
[2026-02-13T09:05:41.871+0000] {processor.py:830} INFO - Processing file /opt/airflow/dags/wallet_trust_score_dag.py for tasks to queue
[2026-02-13T09:05:41.872+0000] {logging_mixin.py:188} INFO - [2026-02-13T09:05:41.872+0000] {dagbag.py:538} INFO - Filling up the DagBag from /opt/airflow/dags/wallet_trust_score_dag.py
[2026-02-13T09:05:42.970+0000] {processor.py:842} WARNING - No viable dags retrieved from /opt/airflow/dags/wallet_trust_score_dag.py
[2026-02-13T09:05:42.989+0000] {processor.py:183} INFO - Processing /opt/airflow/dags/wallet_trust_score_dag.py took 1.127 seconds
[2026-02-13T09:06:13.245+0000] {processor.py:161} INFO - Started process (PID=1516) to work on /opt/airflow/dags/wallet_trust_score_dag.py
[2026-02-13T09:06:13.246+0000] {processor.py:830} INFO - Processing file /opt/airflow/dags/wallet_trust_score_dag.py for tasks to queue
[2026-02-13T09:06:13.247+0000] {logging_mixin.py:188} INFO - [2026-02-13T09:06:13.247+0000] {dagbag.py:538} INFO - Filling up the DagBag from /opt/airflow/dags/wallet_trust_score_dag.py
[2026-02-13T09:06:14.557+0000] {processor.py:842} WARNING - No viable dags retrieved from /opt/airflow/dags/wallet_trust_score_dag.py
[2026-02-13T09:06:14.613+0000] {processor.py:183} INFO - Processing /opt/airflow/dags/wallet_trust_score_dag.py took 1.373 seconds
[2026-02-13T09:06:44.856+0000] {processor.py:161} INFO - Started process (PID=1573) to work on /opt/airflow/dags/wallet_trust_score_dag.py
[2026-02-13T09:06:44.858+0000] {processor.py:830} INFO - Processing file /opt/airflow/dags/wallet_trust_score_dag.py for tasks to queue
[2026-02-13T09:06:44.860+0000] {logging_mixin.py:188} INFO - [2026-02-13T09:06:44.859+0000] {dagbag.py:538} INFO - Filling up the DagBag from /opt/airflow/dags/wallet_trust_score_dag.py
[2026-02-13T09:06:46.241+0000] {processor.py:842} WARNING - No viable dags retrieved from /opt/airflow/dags/wallet_trust_score_dag.py
[2026-02-13T09:06:46.260+0000] {processor.py:183} INFO - Processing /opt/airflow/dags/wallet_trust_score_dag.py took 1.411 seconds
[2026-02-13T09:07:16.491+0000] {processor.py:161} INFO - Started process (PID=1591) to work on /opt/airflow/dags/wallet_trust_score_dag.py
[2026-02-13T09:07:16.493+0000] {processor.py:830} INFO - Processing file /opt/airflow/dags/wallet_trust_score_dag.py for tasks to queue
[2026-02-13T09:07:16.494+0000] {logging_mixin.py:188} INFO - [2026-02-13T09:07:16.493+0000] {dagbag.py:538} INFO - Filling up the DagBag from /opt/airflow/dags/wallet_trust_score_dag.py
[2026-02-13T09:07:17.756+0000] {processor.py:842} WARNING - No viable dags retrieved from /opt/airflow/dags/wallet_trust_score_dag.py
[2026-02-13T09:07:17.773+0000] {processor.py:183} INFO - Processing /opt/airflow/dags/wallet_trust_score_dag.py took 1.285 seconds
[2026-02-13T09:07:48.027+0000] {processor.py:161} INFO - Started process (PID=1609) to work on /opt/airflow/dags/wallet_trust_score_dag.py
[2026-02-13T09:07:48.029+0000] {processor.py:830} INFO - Processing file /opt/airflow/dags/wallet_trust_score_dag.py for tasks to queue
[2026-02-13T09:07:48.030+0000] {logging_mixin.py:188} INFO - [2026-02-13T09:07:48.030+0000] {dagbag.py:538} INFO - Filling up the DagBag from /opt/airflow/dags/wallet_trust_score_dag.py
[2026-02-13T09:07:49.307+0000] {processor.py:842} WARNING - No viable dags retrieved from /opt/airflow/dags/wallet_trust_score_dag.py
[2026-02-13T09:07:49.329+0000] {processor.py:183} INFO - Processing /opt/airflow/dags/wallet_trust_score_dag.py took 1.311 seconds
[2026-02-13T09:08:19.565+0000] {processor.py:161} INFO - Started process (PID=1649) to work on /opt/airflow/dags/wallet_trust_score_dag.py
[2026-02-13T09:08:19.567+0000] {processor.py:830} INFO - Processing file /opt/airflow/dags/wallet_trust_score_dag.py for tasks to queue
[2026-02-13T09:08:19.569+0000] {logging_mixin.py:188} INFO - [2026-02-13T09:08:19.568+0000] {dagbag.py:538} INFO - Filling up the DagBag from /opt/airflow/dags/wallet_trust_score_dag.py
[2026-02-13T09:08:21.409+0000] {processor.py:842} WARNING - No viable dags retrieved from /opt/airflow/dags/wallet_trust_score_dag.py
[2026-02-13T09:08:21.440+0000] {processor.py:183} INFO - Processing /opt/airflow/dags/wallet_trust_score_dag.py took 1.883 seconds
[2026-02-13T09:08:51.875+0000] {processor.py:161} INFO - Started process (PID=1705) to work on /opt/airflow/dags/wallet_trust_score_dag.py
[2026-02-13T09:08:51.877+0000] {processor.py:830} INFO - Processing file /opt/airflow/dags/wallet_trust_score_dag.py for tasks to queue
[2026-02-13T09:08:51.878+0000] {logging_mixin.py:188} INFO - [2026-02-13T09:08:51.877+0000] {dagbag.py:538} INFO - Filling up the DagBag from /opt/airflow/dags/wallet_trust_score_dag.py
[2026-02-13T09:08:53.104+0000] {processor.py:842} WARNING - No viable dags retrieved from /opt/airflow/dags/wallet_trust_score_dag.py
[2026-02-13T09:08:53.125+0000] {processor.py:183} INFO - Processing /opt/airflow/dags/wallet_trust_score_dag.py took 1.253 seconds
[2026-02-13T09:09:23.360+0000] {processor.py:161} INFO - Started process (PID=1723) to work on /opt/airflow/dags/wallet_trust_score_dag.py
[2026-02-13T09:09:23.362+0000] {processor.py:830} INFO - Processing file /opt/airflow/dags/wallet_trust_score_dag.py for tasks to queue
[2026-02-13T09:09:23.363+0000] {logging_mixin.py:188} INFO - [2026-02-13T09:09:23.362+0000] {dagbag.py:538} INFO - Filling up the DagBag from /opt/airflow/dags/wallet_trust_score_dag.py
[2026-02-13T09:09:24.480+0000] {processor.py:842} WARNING - No viable dags retrieved from /opt/airflow/dags/wallet_trust_score_dag.py
[2026-02-13T09:09:24.497+0000] {processor.py:183} INFO - Processing /opt/airflow/dags/wallet_trust_score_dag.py took 1.140 seconds
[2026-02-13T09:09:54.737+0000] {processor.py:161} INFO - Started process (PID=1741) to work on /opt/airflow/dags/wallet_trust_score_dag.py
[2026-02-13T09:09:54.738+0000] {processor.py:830} INFO - Processing file /opt/airflow/dags/wallet_trust_score_dag.py for tasks to queue
[2026-02-13T09:09:54.739+0000] {logging_mixin.py:188} INFO - [2026-02-13T09:09:54.739+0000] {dagbag.py:538} INFO - Filling up the DagBag from /opt/airflow/dags/wallet_trust_score_dag.py
[2026-02-13T09:09:55.820+0000] {processor.py:842} WARNING - No viable dags retrieved from /opt/airflow/dags/wallet_trust_score_dag.py
[2026-02-13T09:09:55.838+0000] {processor.py:183} INFO - Processing /opt/airflow/dags/wallet_trust_score_dag.py took 1.105 seconds
[2026-02-13T09:10:26.106+0000] {processor.py:161} INFO - Started process (PID=1801) to work on /opt/airflow/dags/wallet_trust_score_dag.py
[2026-02-13T09:10:26.108+0000] {processor.py:830} INFO - Processing file /opt/airflow/dags/wallet_trust_score_dag.py for tasks to queue
[2026-02-13T09:10:26.113+0000] {logging_mixin.py:188} INFO - [2026-02-13T09:10:26.110+0000] {dagbag.py:538} INFO - Filling up the DagBag from /opt/airflow/dags/wallet_trust_score_dag.py
[2026-02-13T09:10:28.135+0000] {processor.py:842} WARNING - No viable dags retrieved from /opt/airflow/dags/wallet_trust_score_dag.py
[2026-02-13T09:10:28.215+0000] {processor.py:183} INFO - Processing /opt/airflow/dags/wallet_trust_score_dag.py took 2.116 seconds
[2026-02-13T09:10:58.585+0000] {processor.py:161} INFO - Started process (PID=1837) to work on /opt/airflow/dags/wallet_trust_score_dag.py
[2026-02-13T09:10:58.586+0000] {processor.py:830} INFO - Processing file /opt/airflow/dags/wallet_trust_score_dag.py for tasks to queue
[2026-02-13T09:10:58.588+0000] {logging_mixin.py:188} INFO - [2026-02-13T09:10:58.588+0000] {dagbag.py:538} INFO - Filling up the DagBag from /opt/airflow/dags/wallet_trust_score_dag.py
[2026-02-13T09:10:59.881+0000] {processor.py:842} WARNING - No viable dags retrieved from /opt/airflow/dags/wallet_trust_score_dag.py
[2026-02-13T09:10:59.897+0000] {processor.py:183} INFO - Processing /opt/airflow/dags/wallet_trust_score_dag.py took 1.317 seconds
[2026-02-13T09:11:30.143+0000] {processor.py:161} INFO - Started process (PID=1855) to work on /opt/airflow/dags/wallet_trust_score_dag.py
[2026-02-13T09:11:30.145+0000] {processor.py:830} INFO - Processing file /opt/airflow/dags/wallet_trust_score_dag.py for tasks to queue
[2026-02-13T09:11:30.146+0000] {logging_mixin.py:188} INFO - [2026-02-13T09:11:30.146+0000] {dagbag.py:538} INFO - Filling up the DagBag from /opt/airflow/dags/wallet_trust_score_dag.py
[2026-02-13T09:11:31.404+0000] {processor.py:842} WARNING - No viable dags retrieved from /opt/airflow/dags/wallet_trust_score_dag.py
[2026-02-13T09:11:31.422+0000] {processor.py:183} INFO - Processing /opt/airflow/dags/wallet_trust_score_dag.py took 1.284 seconds
[2026-02-13T09:12:01.713+0000] {processor.py:161} INFO - Started process (PID=1884) to work on /opt/airflow/dags/wallet_trust_score_dag.py
[2026-02-13T09:12:01.715+0000] {processor.py:830} INFO - Processing file /opt/airflow/dags/wallet_trust_score_dag.py for tasks to queue
[2026-02-13T09:12:01.716+0000] {logging_mixin.py:188} INFO - [2026-02-13T09:12:01.716+0000] {dagbag.py:538} INFO - Filling up the DagBag from /opt/airflow/dags/wallet_trust_score_dag.py
[2026-02-13T09:12:02.845+0000] {processor.py:842} WARNING - No viable dags retrieved from /opt/airflow/dags/wallet_trust_score_dag.py
[2026-02-13T09:12:02.867+0000] {processor.py:183} INFO - Processing /opt/airflow/dags/wallet_trust_score_dag.py took 1.157 seconds
[2026-02-13T09:12:33.085+0000] {processor.py:161} INFO - Started process (PID=1959) to work on /opt/airflow/dags/wallet_trust_score_dag.py
[2026-02-13T09:12:33.086+0000] {processor.py:830} INFO - Processing file /opt/airflow/dags/wallet_trust_score_dag.py for tasks to queue
[2026-02-13T09:12:33.087+0000] {logging_mixin.py:188} INFO - [2026-02-13T09:12:33.087+0000] {dagbag.py:538} INFO - Filling up the DagBag from /opt/airflow/dags/wallet_trust_score_dag.py
[2026-02-13T09:12:34.636+0000] {processor.py:842} WARNING - No viable dags retrieved from /opt/airflow/dags/wallet_trust_score_dag.py
[2026-02-13T09:12:34.657+0000] {processor.py:183} INFO - Processing /opt/airflow/dags/wallet_trust_score_dag.py took 1.576 seconds
[2026-02-13T09:13:04.782+0000] {processor.py:161} INFO - Started process (PID=1978) to work on /opt/airflow/dags/wallet_trust_score_dag.py
[2026-02-13T09:13:04.783+0000] {processor.py:830} INFO - Processing file /opt/airflow/dags/wallet_trust_score_dag.py for tasks to queue
[2026-02-13T09:13:04.784+0000] {logging_mixin.py:188} INFO - [2026-02-13T09:13:04.784+0000] {dagbag.py:538} INFO - Filling up the DagBag from /opt/airflow/dags/wallet_trust_score_dag.py
[2026-02-13T09:13:05.827+0000] {processor.py:842} WARNING - No viable dags retrieved from /opt/airflow/dags/wallet_trust_score_dag.py
[2026-02-13T09:13:05.848+0000] {processor.py:183} INFO - Processing /opt/airflow/dags/wallet_trust_score_dag.py took 1.071 seconds
[2026-02-13T09:13:36.070+0000] {processor.py:161} INFO - Started process (PID=1996) to work on /opt/airflow/dags/wallet_trust_score_dag.py
[2026-02-13T09:13:36.072+0000] {processor.py:830} INFO - Processing file /opt/airflow/dags/wallet_trust_score_dag.py for tasks to queue
[2026-02-13T09:13:36.074+0000] {logging_mixin.py:188} INFO - [2026-02-13T09:13:36.073+0000] {dagbag.py:538} INFO - Filling up the DagBag from /opt/airflow/dags/wallet_trust_score_dag.py
[2026-02-13T09:13:37.413+0000] {processor.py:842} WARNING - No viable dags retrieved from /opt/airflow/dags/wallet_trust_score_dag.py
[2026-02-13T09:13:37.436+0000] {processor.py:183} INFO - Processing /opt/airflow/dags/wallet_trust_score_dag.py took 1.373 seconds
[2026-02-13T09:14:07.683+0000] {processor.py:161} INFO - Started process (PID=2035) to work on /opt/airflow/dags/wallet_trust_score_dag.py
[2026-02-13T09:14:07.685+0000] {processor.py:830} INFO - Processing file /opt/airflow/dags/wallet_trust_score_dag.py for tasks to queue
[2026-02-13T09:14:07.686+0000] {logging_mixin.py:188} INFO - [2026-02-13T09:14:07.686+0000] {dagbag.py:538} INFO - Filling up the DagBag from /opt/airflow/dags/wallet_trust_score_dag.py
[2026-02-13T09:14:09.179+0000] {processor.py:842} WARNING - No viable dags retrieved from /opt/airflow/dags/wallet_trust_score_dag.py
[2026-02-13T09:14:09.197+0000] {processor.py:183} INFO - Processing /opt/airflow/dags/wallet_trust_score_dag.py took 1.518 seconds
[2026-02-13T09:14:39.440+0000] {processor.py:161} INFO - Started process (PID=2092) to work on /opt/airflow/dags/wallet_trust_score_dag.py
[2026-02-13T09:14:39.442+0000] {processor.py:830} INFO - Processing file /opt/airflow/dags/wallet_trust_score_dag.py for tasks to queue
[2026-02-13T09:14:39.443+0000] {logging_mixin.py:188} INFO - [2026-02-13T09:14:39.443+0000] {dagbag.py:538} INFO - Filling up the DagBag from /opt/airflow/dags/wallet_trust_score_dag.py
[2026-02-13T09:14:40.488+0000] {processor.py:842} WARNING - No viable dags retrieved from /opt/airflow/dags/wallet_trust_score_dag.py
[2026-02-13T09:14:40.505+0000] {processor.py:183} INFO - Processing /opt/airflow/dags/wallet_trust_score_dag.py took 1.068 seconds
[2026-02-13T09:15:10.743+0000] {processor.py:161} INFO - Started process (PID=2110) to work on /opt/airflow/dags/wallet_trust_score_dag.py
[2026-02-13T09:15:10.744+0000] {processor.py:830} INFO - Processing file /opt/airflow/dags/wallet_trust_score_dag.py for tasks to queue
[2026-02-13T09:15:10.745+0000] {logging_mixin.py:188} INFO - [2026-02-13T09:15:10.745+0000] {dagbag.py:538} INFO - Filling up the DagBag from /opt/airflow/dags/wallet_trust_score_dag.py
[2026-02-13T09:15:11.776+0000] {processor.py:842} WARNING - No viable dags retrieved from /opt/airflow/dags/wallet_trust_score_dag.py
[2026-02-13T09:15:11.792+0000] {processor.py:183} INFO - Processing /opt/airflow/dags/wallet_trust_score_dag.py took 1.053 seconds
[2026-02-13T09:15:42.269+0000] {processor.py:161} INFO - Started process (PID=2128) to work on /opt/airflow/dags/wallet_trust_score_dag.py
[2026-02-13T09:15:42.270+0000] {processor.py:830} INFO - Processing file /opt/airflow/dags/wallet_trust_score_dag.py for tasks to queue
[2026-02-13T09:15:42.272+0000] {logging_mixin.py:188} INFO - [2026-02-13T09:15:42.271+0000] {dagbag.py:538} INFO - Filling up the DagBag from /opt/airflow/dags/wallet_trust_score_dag.py
[2026-02-13T09:15:43.379+0000] {processor.py:842} WARNING - No viable dags retrieved from /opt/airflow/dags/wallet_trust_score_dag.py
[2026-02-13T09:15:43.395+0000] {processor.py:183} INFO - Processing /opt/airflow/dags/wallet_trust_score_dag.py took 1.129 seconds
[2026-02-13T09:16:13.622+0000] {processor.py:161} INFO - Started process (PID=2167) to work on /opt/airflow/dags/wallet_trust_score_dag.py
[2026-02-13T09:16:13.624+0000] {processor.py:830} INFO - Processing file /opt/airflow/dags/wallet_trust_score_dag.py for tasks to queue
[2026-02-13T09:16:13.625+0000] {logging_mixin.py:188} INFO - [2026-02-13T09:16:13.625+0000] {dagbag.py:538} INFO - Filling up the DagBag from /opt/airflow/dags/wallet_trust_score_dag.py
[2026-02-13T09:16:14.775+0000] {processor.py:842} WARNING - No viable dags retrieved from /opt/airflow/dags/wallet_trust_score_dag.py
[2026-02-13T09:16:14.793+0000] {processor.py:183} INFO - Processing /opt/airflow/dags/wallet_trust_score_dag.py took 1.174 seconds
[2026-02-13T09:16:45.018+0000] {processor.py:161} INFO - Started process (PID=2224) to work on /opt/airflow/dags/wallet_trust_score_dag.py
[2026-02-13T09:16:45.019+0000] {processor.py:830} INFO - Processing file /opt/airflow/dags/wallet_trust_score_dag.py for tasks to queue
[2026-02-13T09:16:45.021+0000] {logging_mixin.py:188} INFO - [2026-02-13T09:16:45.020+0000] {dagbag.py:538} INFO - Filling up the DagBag from /opt/airflow/dags/wallet_trust_score_dag.py
[2026-02-13T09:16:46.316+0000] {processor.py:842} WARNING - No viable dags retrieved from /opt/airflow/dags/wallet_trust_score_dag.py
[2026-02-13T09:16:46.334+0000] {processor.py:183} INFO - Processing /opt/airflow/dags/wallet_trust_score_dag.py took 1.321 seconds
[2026-02-13T09:17:16.592+0000] {processor.py:161} INFO - Started process (PID=2242) to work on /opt/airflow/dags/wallet_trust_score_dag.py
[2026-02-13T09:17:16.593+0000] {processor.py:830} INFO - Processing file /opt/airflow/dags/wallet_trust_score_dag.py for tasks to queue
[2026-02-13T09:17:16.595+0000] {logging_mixin.py:188} INFO - [2026-02-13T09:17:16.594+0000] {dagbag.py:538} INFO - Filling up the DagBag from /opt/airflow/dags/wallet_trust_score_dag.py
[2026-02-13T09:17:17.928+0000] {processor.py:842} WARNING - No viable dags retrieved from /opt/airflow/dags/wallet_trust_score_dag.py
[2026-02-13T09:17:17.951+0000] {processor.py:183} INFO - Processing /opt/airflow/dags/wallet_trust_score_dag.py took 1.363 seconds
[2026-02-13T09:17:48.203+0000] {processor.py:161} INFO - Started process (PID=2260) to work on /opt/airflow/dags/wallet_trust_score_dag.py
[2026-02-13T09:17:48.205+0000] {processor.py:830} INFO - Processing file /opt/airflow/dags/wallet_trust_score_dag.py for tasks to queue
[2026-02-13T09:17:48.207+0000] {logging_mixin.py:188} INFO - [2026-02-13T09:17:48.206+0000] {dagbag.py:538} INFO - Filling up the DagBag from /opt/airflow/dags/wallet_trust_score_dag.py
[2026-02-13T09:17:49.505+0000] {processor.py:842} WARNING - No viable dags retrieved from /opt/airflow/dags/wallet_trust_score_dag.py
[2026-02-13T09:17:49.534+0000] {processor.py:183} INFO - Processing /opt/airflow/dags/wallet_trust_score_dag.py took 1.334 seconds
