[2026-02-12T11:12:20.827+0000] {processor.py:161} INFO - Started process (PID=92) to work on /opt/airflow/dags/eth_fetch_to_mongo.py
[2026-02-12T11:12:20.832+0000] {processor.py:830} INFO - Processing file /opt/airflow/dags/eth_fetch_to_mongo.py for tasks to queue
[2026-02-12T11:12:20.835+0000] {logging_mixin.py:188} INFO - [2026-02-12T11:12:20.834+0000] {dagbag.py:538} INFO - Filling up the DagBag from /opt/airflow/dags/eth_fetch_to_mongo.py
[2026-02-12T11:12:20.994+0000] {processor.py:842} WARNING - No viable dags retrieved from /opt/airflow/dags/eth_fetch_to_mongo.py
[2026-02-12T11:12:21.030+0000] {processor.py:183} INFO - Processing /opt/airflow/dags/eth_fetch_to_mongo.py took 0.212 seconds
[2026-02-12T11:12:51.249+0000] {processor.py:161} INFO - Started process (PID=132) to work on /opt/airflow/dags/eth_fetch_to_mongo.py
[2026-02-12T11:12:51.251+0000] {processor.py:830} INFO - Processing file /opt/airflow/dags/eth_fetch_to_mongo.py for tasks to queue
[2026-02-12T11:12:51.252+0000] {logging_mixin.py:188} INFO - [2026-02-12T11:12:51.252+0000] {dagbag.py:538} INFO - Filling up the DagBag from /opt/airflow/dags/eth_fetch_to_mongo.py
[2026-02-12T11:12:51.336+0000] {processor.py:842} WARNING - No viable dags retrieved from /opt/airflow/dags/eth_fetch_to_mongo.py
[2026-02-12T11:12:51.367+0000] {processor.py:183} INFO - Processing /opt/airflow/dags/eth_fetch_to_mongo.py took 0.121 seconds
[2026-02-12T11:13:21.797+0000] {processor.py:161} INFO - Started process (PID=135) to work on /opt/airflow/dags/eth_fetch_to_mongo.py
[2026-02-12T11:13:21.800+0000] {processor.py:830} INFO - Processing file /opt/airflow/dags/eth_fetch_to_mongo.py for tasks to queue
[2026-02-12T11:13:21.803+0000] {logging_mixin.py:188} INFO - [2026-02-12T11:13:21.802+0000] {dagbag.py:538} INFO - Filling up the DagBag from /opt/airflow/dags/eth_fetch_to_mongo.py
[2026-02-12T11:13:21.980+0000] {processor.py:842} WARNING - No viable dags retrieved from /opt/airflow/dags/eth_fetch_to_mongo.py
[2026-02-12T11:13:22.028+0000] {processor.py:183} INFO - Processing /opt/airflow/dags/eth_fetch_to_mongo.py took 0.259 seconds
[2026-02-12T11:13:52.347+0000] {processor.py:161} INFO - Started process (PID=137) to work on /opt/airflow/dags/eth_fetch_to_mongo.py
[2026-02-12T11:13:52.350+0000] {processor.py:830} INFO - Processing file /opt/airflow/dags/eth_fetch_to_mongo.py for tasks to queue
[2026-02-12T11:13:52.354+0000] {logging_mixin.py:188} INFO - [2026-02-12T11:13:52.352+0000] {dagbag.py:538} INFO - Filling up the DagBag from /opt/airflow/dags/eth_fetch_to_mongo.py
[2026-02-12T11:13:52.444+0000] {processor.py:842} WARNING - No viable dags retrieved from /opt/airflow/dags/eth_fetch_to_mongo.py
[2026-02-12T11:13:52.471+0000] {processor.py:183} INFO - Processing /opt/airflow/dags/eth_fetch_to_mongo.py took 0.140 seconds
[2026-02-12T11:14:22.732+0000] {processor.py:161} INFO - Started process (PID=162) to work on /opt/airflow/dags/eth_fetch_to_mongo.py
[2026-02-12T11:14:22.735+0000] {processor.py:830} INFO - Processing file /opt/airflow/dags/eth_fetch_to_mongo.py for tasks to queue
[2026-02-12T11:14:22.738+0000] {logging_mixin.py:188} INFO - [2026-02-12T11:14:22.737+0000] {dagbag.py:538} INFO - Filling up the DagBag from /opt/airflow/dags/eth_fetch_to_mongo.py
[2026-02-12T11:14:22.858+0000] {processor.py:842} WARNING - No viable dags retrieved from /opt/airflow/dags/eth_fetch_to_mongo.py
[2026-02-12T11:14:22.882+0000] {processor.py:183} INFO - Processing /opt/airflow/dags/eth_fetch_to_mongo.py took 0.159 seconds
[2026-02-12T11:14:53.151+0000] {processor.py:161} INFO - Started process (PID=164) to work on /opt/airflow/dags/eth_fetch_to_mongo.py
[2026-02-12T11:14:53.152+0000] {processor.py:830} INFO - Processing file /opt/airflow/dags/eth_fetch_to_mongo.py for tasks to queue
[2026-02-12T11:14:53.154+0000] {logging_mixin.py:188} INFO - [2026-02-12T11:14:53.153+0000] {dagbag.py:538} INFO - Filling up the DagBag from /opt/airflow/dags/eth_fetch_to_mongo.py
[2026-02-12T11:14:53.236+0000] {processor.py:842} WARNING - No viable dags retrieved from /opt/airflow/dags/eth_fetch_to_mongo.py
[2026-02-12T11:14:53.260+0000] {processor.py:183} INFO - Processing /opt/airflow/dags/eth_fetch_to_mongo.py took 0.113 seconds
[2026-02-12T11:15:23.508+0000] {processor.py:161} INFO - Started process (PID=166) to work on /opt/airflow/dags/eth_fetch_to_mongo.py
[2026-02-12T11:15:23.510+0000] {processor.py:830} INFO - Processing file /opt/airflow/dags/eth_fetch_to_mongo.py for tasks to queue
[2026-02-12T11:15:23.511+0000] {logging_mixin.py:188} INFO - [2026-02-12T11:15:23.511+0000] {dagbag.py:538} INFO - Filling up the DagBag from /opt/airflow/dags/eth_fetch_to_mongo.py
[2026-02-12T11:15:23.631+0000] {processor.py:842} WARNING - No viable dags retrieved from /opt/airflow/dags/eth_fetch_to_mongo.py
[2026-02-12T11:15:23.654+0000] {processor.py:183} INFO - Processing /opt/airflow/dags/eth_fetch_to_mongo.py took 0.152 seconds
[2026-02-12T11:15:53.904+0000] {processor.py:161} INFO - Started process (PID=168) to work on /opt/airflow/dags/eth_fetch_to_mongo.py
[2026-02-12T11:15:53.907+0000] {processor.py:830} INFO - Processing file /opt/airflow/dags/eth_fetch_to_mongo.py for tasks to queue
[2026-02-12T11:15:53.909+0000] {logging_mixin.py:188} INFO - [2026-02-12T11:15:53.909+0000] {dagbag.py:538} INFO - Filling up the DagBag from /opt/airflow/dags/eth_fetch_to_mongo.py
[2026-02-12T11:15:54.015+0000] {processor.py:842} WARNING - No viable dags retrieved from /opt/airflow/dags/eth_fetch_to_mongo.py
[2026-02-12T11:15:54.040+0000] {processor.py:183} INFO - Processing /opt/airflow/dags/eth_fetch_to_mongo.py took 0.146 seconds
[2026-02-12T11:16:04.142+0000] {processor.py:161} INFO - Started process (PID=180) to work on /opt/airflow/dags/eth_fetch_to_mongo.py
[2026-02-12T11:16:04.143+0000] {processor.py:830} INFO - Processing file /opt/airflow/dags/eth_fetch_to_mongo.py for tasks to queue
[2026-02-12T11:16:04.146+0000] {logging_mixin.py:188} INFO - [2026-02-12T11:16:04.145+0000] {dagbag.py:538} INFO - Filling up the DagBag from /opt/airflow/dags/eth_fetch_to_mongo.py
[2026-02-12T11:16:04.232+0000] {processor.py:842} WARNING - No viable dags retrieved from /opt/airflow/dags/eth_fetch_to_mongo.py
[2026-02-12T11:16:04.254+0000] {processor.py:183} INFO - Processing /opt/airflow/dags/eth_fetch_to_mongo.py took 0.118 seconds
[2026-02-12T11:17:23.448+0000] {processor.py:161} INFO - Started process (PID=94) to work on /opt/airflow/dags/eth_fetch_to_mongo.py
[2026-02-12T11:17:23.449+0000] {processor.py:830} INFO - Processing file /opt/airflow/dags/eth_fetch_to_mongo.py for tasks to queue
[2026-02-12T11:17:23.454+0000] {logging_mixin.py:188} INFO - [2026-02-12T11:17:23.453+0000] {dagbag.py:538} INFO - Filling up the DagBag from /opt/airflow/dags/eth_fetch_to_mongo.py
[2026-02-12T11:17:23.559+0000] {processor.py:842} WARNING - No viable dags retrieved from /opt/airflow/dags/eth_fetch_to_mongo.py
[2026-02-12T11:17:23.587+0000] {processor.py:183} INFO - Processing /opt/airflow/dags/eth_fetch_to_mongo.py took 0.149 seconds
[2026-02-12T11:17:53.889+0000] {processor.py:161} INFO - Started process (PID=110) to work on /opt/airflow/dags/eth_fetch_to_mongo.py
[2026-02-12T11:17:53.890+0000] {processor.py:830} INFO - Processing file /opt/airflow/dags/eth_fetch_to_mongo.py for tasks to queue
[2026-02-12T11:17:53.891+0000] {logging_mixin.py:188} INFO - [2026-02-12T11:17:53.891+0000] {dagbag.py:538} INFO - Filling up the DagBag from /opt/airflow/dags/eth_fetch_to_mongo.py
[2026-02-12T11:17:53.987+0000] {processor.py:842} WARNING - No viable dags retrieved from /opt/airflow/dags/eth_fetch_to_mongo.py
[2026-02-12T11:17:54.012+0000] {processor.py:183} INFO - Processing /opt/airflow/dags/eth_fetch_to_mongo.py took 0.128 seconds
[2026-02-12T11:18:24.297+0000] {processor.py:161} INFO - Started process (PID=135) to work on /opt/airflow/dags/eth_fetch_to_mongo.py
[2026-02-12T11:18:24.299+0000] {processor.py:830} INFO - Processing file /opt/airflow/dags/eth_fetch_to_mongo.py for tasks to queue
[2026-02-12T11:18:24.300+0000] {logging_mixin.py:188} INFO - [2026-02-12T11:18:24.300+0000] {dagbag.py:538} INFO - Filling up the DagBag from /opt/airflow/dags/eth_fetch_to_mongo.py
[2026-02-12T11:18:24.374+0000] {processor.py:842} WARNING - No viable dags retrieved from /opt/airflow/dags/eth_fetch_to_mongo.py
[2026-02-12T11:18:24.401+0000] {processor.py:183} INFO - Processing /opt/airflow/dags/eth_fetch_to_mongo.py took 0.108 seconds
[2026-02-12T11:18:54.642+0000] {processor.py:161} INFO - Started process (PID=137) to work on /opt/airflow/dags/eth_fetch_to_mongo.py
[2026-02-12T11:18:54.643+0000] {processor.py:830} INFO - Processing file /opt/airflow/dags/eth_fetch_to_mongo.py for tasks to queue
[2026-02-12T11:18:54.644+0000] {logging_mixin.py:188} INFO - [2026-02-12T11:18:54.644+0000] {dagbag.py:538} INFO - Filling up the DagBag from /opt/airflow/dags/eth_fetch_to_mongo.py
[2026-02-12T11:18:54.714+0000] {processor.py:842} WARNING - No viable dags retrieved from /opt/airflow/dags/eth_fetch_to_mongo.py
[2026-02-12T11:18:54.734+0000] {processor.py:183} INFO - Processing /opt/airflow/dags/eth_fetch_to_mongo.py took 0.096 seconds
[2026-02-12T11:19:24.963+0000] {processor.py:161} INFO - Started process (PID=139) to work on /opt/airflow/dags/eth_fetch_to_mongo.py
[2026-02-12T11:19:24.965+0000] {processor.py:830} INFO - Processing file /opt/airflow/dags/eth_fetch_to_mongo.py for tasks to queue
[2026-02-12T11:19:24.967+0000] {logging_mixin.py:188} INFO - [2026-02-12T11:19:24.966+0000] {dagbag.py:538} INFO - Filling up the DagBag from /opt/airflow/dags/eth_fetch_to_mongo.py
[2026-02-12T11:19:25.052+0000] {processor.py:842} WARNING - No viable dags retrieved from /opt/airflow/dags/eth_fetch_to_mongo.py
[2026-02-12T11:19:25.074+0000] {processor.py:183} INFO - Processing /opt/airflow/dags/eth_fetch_to_mongo.py took 0.115 seconds
[2026-02-12T11:19:55.368+0000] {processor.py:161} INFO - Started process (PID=141) to work on /opt/airflow/dags/eth_fetch_to_mongo.py
[2026-02-12T11:19:55.369+0000] {processor.py:830} INFO - Processing file /opt/airflow/dags/eth_fetch_to_mongo.py for tasks to queue
[2026-02-12T11:19:55.370+0000] {logging_mixin.py:188} INFO - [2026-02-12T11:19:55.370+0000] {dagbag.py:538} INFO - Filling up the DagBag from /opt/airflow/dags/eth_fetch_to_mongo.py
[2026-02-12T11:19:55.445+0000] {processor.py:842} WARNING - No viable dags retrieved from /opt/airflow/dags/eth_fetch_to_mongo.py
[2026-02-12T11:19:55.469+0000] {processor.py:183} INFO - Processing /opt/airflow/dags/eth_fetch_to_mongo.py took 0.105 seconds
[2026-02-12T11:20:11.694+0000] {processor.py:161} INFO - Started process (PID=166) to work on /opt/airflow/dags/eth_fetch_to_mongo.py
[2026-02-12T11:20:11.695+0000] {processor.py:830} INFO - Processing file /opt/airflow/dags/eth_fetch_to_mongo.py for tasks to queue
[2026-02-12T11:20:11.699+0000] {logging_mixin.py:188} INFO - [2026-02-12T11:20:11.698+0000] {dagbag.py:538} INFO - Filling up the DagBag from /opt/airflow/dags/eth_fetch_to_mongo.py
[2026-02-12T11:20:11.832+0000] {processor.py:842} WARNING - No viable dags retrieved from /opt/airflow/dags/eth_fetch_to_mongo.py
[2026-02-12T11:20:11.872+0000] {processor.py:183} INFO - Processing /opt/airflow/dags/eth_fetch_to_mongo.py took 0.187 seconds
[2026-02-12T11:21:19.528+0000] {processor.py:161} INFO - Started process (PID=93) to work on /opt/airflow/dags/eth_fetch_to_mongo.py
[2026-02-12T11:21:19.533+0000] {processor.py:830} INFO - Processing file /opt/airflow/dags/eth_fetch_to_mongo.py for tasks to queue
[2026-02-12T11:21:19.537+0000] {logging_mixin.py:188} INFO - [2026-02-12T11:21:19.536+0000] {dagbag.py:538} INFO - Filling up the DagBag from /opt/airflow/dags/eth_fetch_to_mongo.py
[2026-02-12T11:21:19.735+0000] {processor.py:842} WARNING - No viable dags retrieved from /opt/airflow/dags/eth_fetch_to_mongo.py
[2026-02-12T11:21:19.789+0000] {processor.py:183} INFO - Processing /opt/airflow/dags/eth_fetch_to_mongo.py took 0.268 seconds
[2026-02-12T11:21:50.093+0000] {processor.py:161} INFO - Started process (PID=110) to work on /opt/airflow/dags/eth_fetch_to_mongo.py
[2026-02-12T11:21:50.098+0000] {processor.py:830} INFO - Processing file /opt/airflow/dags/eth_fetch_to_mongo.py for tasks to queue
[2026-02-12T11:21:50.100+0000] {logging_mixin.py:188} INFO - [2026-02-12T11:21:50.100+0000] {dagbag.py:538} INFO - Filling up the DagBag from /opt/airflow/dags/eth_fetch_to_mongo.py
[2026-02-12T11:21:50.281+0000] {processor.py:842} WARNING - No viable dags retrieved from /opt/airflow/dags/eth_fetch_to_mongo.py
[2026-02-12T11:21:50.339+0000] {processor.py:183} INFO - Processing /opt/airflow/dags/eth_fetch_to_mongo.py took 0.260 seconds
[2026-02-12T11:22:20.589+0000] {processor.py:161} INFO - Started process (PID=135) to work on /opt/airflow/dags/eth_fetch_to_mongo.py
[2026-02-12T11:22:20.590+0000] {processor.py:830} INFO - Processing file /opt/airflow/dags/eth_fetch_to_mongo.py for tasks to queue
[2026-02-12T11:22:20.591+0000] {logging_mixin.py:188} INFO - [2026-02-12T11:22:20.591+0000] {dagbag.py:538} INFO - Filling up the DagBag from /opt/airflow/dags/eth_fetch_to_mongo.py
[2026-02-12T11:22:20.672+0000] {processor.py:842} WARNING - No viable dags retrieved from /opt/airflow/dags/eth_fetch_to_mongo.py
[2026-02-12T11:22:20.697+0000] {processor.py:183} INFO - Processing /opt/airflow/dags/eth_fetch_to_mongo.py took 0.111 seconds
[2026-02-12T11:22:50.994+0000] {processor.py:161} INFO - Started process (PID=137) to work on /opt/airflow/dags/eth_fetch_to_mongo.py
[2026-02-12T11:22:50.995+0000] {processor.py:830} INFO - Processing file /opt/airflow/dags/eth_fetch_to_mongo.py for tasks to queue
[2026-02-12T11:22:50.996+0000] {logging_mixin.py:188} INFO - [2026-02-12T11:22:50.996+0000] {dagbag.py:538} INFO - Filling up the DagBag from /opt/airflow/dags/eth_fetch_to_mongo.py
[2026-02-12T11:22:51.068+0000] {processor.py:842} WARNING - No viable dags retrieved from /opt/airflow/dags/eth_fetch_to_mongo.py
[2026-02-12T11:22:51.087+0000] {processor.py:183} INFO - Processing /opt/airflow/dags/eth_fetch_to_mongo.py took 0.097 seconds
[2026-02-12T11:23:21.343+0000] {processor.py:161} INFO - Started process (PID=139) to work on /opt/airflow/dags/eth_fetch_to_mongo.py
[2026-02-12T11:23:21.344+0000] {processor.py:830} INFO - Processing file /opt/airflow/dags/eth_fetch_to_mongo.py for tasks to queue
[2026-02-12T11:23:21.345+0000] {logging_mixin.py:188} INFO - [2026-02-12T11:23:21.345+0000] {dagbag.py:538} INFO - Filling up the DagBag from /opt/airflow/dags/eth_fetch_to_mongo.py
[2026-02-12T11:23:21.406+0000] {processor.py:842} WARNING - No viable dags retrieved from /opt/airflow/dags/eth_fetch_to_mongo.py
[2026-02-12T11:23:21.426+0000] {processor.py:183} INFO - Processing /opt/airflow/dags/eth_fetch_to_mongo.py took 0.086 seconds
[2026-02-12T11:23:51.707+0000] {processor.py:161} INFO - Started process (PID=141) to work on /opt/airflow/dags/eth_fetch_to_mongo.py
[2026-02-12T11:23:51.708+0000] {processor.py:830} INFO - Processing file /opt/airflow/dags/eth_fetch_to_mongo.py for tasks to queue
[2026-02-12T11:23:51.709+0000] {logging_mixin.py:188} INFO - [2026-02-12T11:23:51.709+0000] {dagbag.py:538} INFO - Filling up the DagBag from /opt/airflow/dags/eth_fetch_to_mongo.py
[2026-02-12T11:23:51.789+0000] {processor.py:842} WARNING - No viable dags retrieved from /opt/airflow/dags/eth_fetch_to_mongo.py
[2026-02-12T11:23:51.809+0000] {processor.py:183} INFO - Processing /opt/airflow/dags/eth_fetch_to_mongo.py took 0.106 seconds
[2026-02-12T11:24:22.056+0000] {processor.py:161} INFO - Started process (PID=166) to work on /opt/airflow/dags/eth_fetch_to_mongo.py
[2026-02-12T11:24:22.058+0000] {processor.py:830} INFO - Processing file /opt/airflow/dags/eth_fetch_to_mongo.py for tasks to queue
[2026-02-12T11:24:22.059+0000] {logging_mixin.py:188} INFO - [2026-02-12T11:24:22.059+0000] {dagbag.py:538} INFO - Filling up the DagBag from /opt/airflow/dags/eth_fetch_to_mongo.py
[2026-02-12T11:24:22.129+0000] {processor.py:842} WARNING - No viable dags retrieved from /opt/airflow/dags/eth_fetch_to_mongo.py
[2026-02-12T11:24:22.148+0000] {processor.py:183} INFO - Processing /opt/airflow/dags/eth_fetch_to_mongo.py took 0.104 seconds
[2026-02-12T11:24:52.364+0000] {processor.py:161} INFO - Started process (PID=168) to work on /opt/airflow/dags/eth_fetch_to_mongo.py
[2026-02-12T11:24:52.366+0000] {processor.py:830} INFO - Processing file /opt/airflow/dags/eth_fetch_to_mongo.py for tasks to queue
[2026-02-12T11:24:52.367+0000] {logging_mixin.py:188} INFO - [2026-02-12T11:24:52.367+0000] {dagbag.py:538} INFO - Filling up the DagBag from /opt/airflow/dags/eth_fetch_to_mongo.py
[2026-02-12T11:24:52.449+0000] {processor.py:842} WARNING - No viable dags retrieved from /opt/airflow/dags/eth_fetch_to_mongo.py
[2026-02-12T11:24:52.478+0000] {processor.py:183} INFO - Processing /opt/airflow/dags/eth_fetch_to_mongo.py took 0.117 seconds
[2026-02-12T11:25:22.744+0000] {processor.py:161} INFO - Started process (PID=170) to work on /opt/airflow/dags/eth_fetch_to_mongo.py
[2026-02-12T11:25:22.746+0000] {processor.py:830} INFO - Processing file /opt/airflow/dags/eth_fetch_to_mongo.py for tasks to queue
[2026-02-12T11:25:22.747+0000] {logging_mixin.py:188} INFO - [2026-02-12T11:25:22.746+0000] {dagbag.py:538} INFO - Filling up the DagBag from /opt/airflow/dags/eth_fetch_to_mongo.py
[2026-02-12T11:25:22.831+0000] {processor.py:842} WARNING - No viable dags retrieved from /opt/airflow/dags/eth_fetch_to_mongo.py
[2026-02-12T11:25:22.854+0000] {processor.py:183} INFO - Processing /opt/airflow/dags/eth_fetch_to_mongo.py took 0.113 seconds
[2026-02-12T11:25:53.100+0000] {processor.py:161} INFO - Started process (PID=172) to work on /opt/airflow/dags/eth_fetch_to_mongo.py
[2026-02-12T11:25:53.102+0000] {processor.py:830} INFO - Processing file /opt/airflow/dags/eth_fetch_to_mongo.py for tasks to queue
[2026-02-12T11:25:53.103+0000] {logging_mixin.py:188} INFO - [2026-02-12T11:25:53.102+0000] {dagbag.py:538} INFO - Filling up the DagBag from /opt/airflow/dags/eth_fetch_to_mongo.py
[2026-02-12T11:25:53.190+0000] {processor.py:842} WARNING - No viable dags retrieved from /opt/airflow/dags/eth_fetch_to_mongo.py
[2026-02-12T11:25:53.229+0000] {processor.py:183} INFO - Processing /opt/airflow/dags/eth_fetch_to_mongo.py took 0.132 seconds
[2026-02-12T11:26:23.617+0000] {processor.py:161} INFO - Started process (PID=197) to work on /opt/airflow/dags/eth_fetch_to_mongo.py
[2026-02-12T11:26:23.619+0000] {processor.py:830} INFO - Processing file /opt/airflow/dags/eth_fetch_to_mongo.py for tasks to queue
[2026-02-12T11:26:23.620+0000] {logging_mixin.py:188} INFO - [2026-02-12T11:26:23.619+0000] {dagbag.py:538} INFO - Filling up the DagBag from /opt/airflow/dags/eth_fetch_to_mongo.py
[2026-02-12T11:26:23.691+0000] {processor.py:842} WARNING - No viable dags retrieved from /opt/airflow/dags/eth_fetch_to_mongo.py
[2026-02-12T11:26:23.712+0000] {processor.py:183} INFO - Processing /opt/airflow/dags/eth_fetch_to_mongo.py took 0.099 seconds
[2026-02-12T11:26:53.963+0000] {processor.py:161} INFO - Started process (PID=199) to work on /opt/airflow/dags/eth_fetch_to_mongo.py
[2026-02-12T11:26:53.964+0000] {processor.py:830} INFO - Processing file /opt/airflow/dags/eth_fetch_to_mongo.py for tasks to queue
[2026-02-12T11:26:53.966+0000] {logging_mixin.py:188} INFO - [2026-02-12T11:26:53.965+0000] {dagbag.py:538} INFO - Filling up the DagBag from /opt/airflow/dags/eth_fetch_to_mongo.py
[2026-02-12T11:26:54.039+0000] {processor.py:842} WARNING - No viable dags retrieved from /opt/airflow/dags/eth_fetch_to_mongo.py
[2026-02-12T11:26:54.059+0000] {processor.py:183} INFO - Processing /opt/airflow/dags/eth_fetch_to_mongo.py took 0.099 seconds
[2026-02-12T11:27:19.441+0000] {processor.py:161} INFO - Started process (PID=201) to work on /opt/airflow/dags/eth_fetch_to_mongo.py
[2026-02-12T11:27:19.442+0000] {processor.py:830} INFO - Processing file /opt/airflow/dags/eth_fetch_to_mongo.py for tasks to queue
[2026-02-12T11:27:19.443+0000] {logging_mixin.py:188} INFO - [2026-02-12T11:27:19.443+0000] {dagbag.py:538} INFO - Filling up the DagBag from /opt/airflow/dags/eth_fetch_to_mongo.py
[2026-02-12T11:27:19.452+0000] {logging_mixin.py:188} INFO - [2026-02-12T11:27:19.451+0000] {dagbag.py:325} INFO - File /opt/airflow/dags/eth_fetch_to_mongo.py assumed to contain no DAGs. Skipping.
[2026-02-12T11:27:19.452+0000] {processor.py:842} WARNING - No viable dags retrieved from /opt/airflow/dags/eth_fetch_to_mongo.py
[2026-02-12T11:27:19.474+0000] {processor.py:183} INFO - Processing /opt/airflow/dags/eth_fetch_to_mongo.py took 0.038 seconds
