[2026-02-12T11:34:20.849+0000] {taskinstance.py:1956} INFO - Dependencies all met for dep_context=non-requeueable deps ti=<TaskInstance: ethereum_pipeline.mongo_to_postgres scheduled__2026-02-12T11:32:00+00:00 [queued]>
[2026-02-12T11:34:20.860+0000] {taskinstance.py:1956} INFO - Dependencies all met for dep_context=requeueable deps ti=<TaskInstance: ethereum_pipeline.mongo_to_postgres scheduled__2026-02-12T11:32:00+00:00 [queued]>
[2026-02-12T11:34:20.861+0000] {taskinstance.py:2170} INFO - Starting attempt 1 of 1
[2026-02-12T11:34:20.875+0000] {taskinstance.py:2191} INFO - Executing <Task(PythonOperator): mongo_to_postgres> on 2026-02-12 11:32:00+00:00
[2026-02-12T11:34:20.879+0000] {standard_task_runner.py:60} INFO - Started process 245 to run task
[2026-02-12T11:34:20.883+0000] {standard_task_runner.py:87} INFO - Running: ['***', 'tasks', 'run', 'ethereum_pipeline', 'mongo_to_postgres', 'scheduled__2026-02-12T11:32:00+00:00', '--job-id', '368', '--raw', '--subdir', 'DAGS_FOLDER/eth_pipeline_dag.py', '--cfg-path', '/tmp/tmp2ueqhqip']
[2026-02-12T11:34:20.886+0000] {standard_task_runner.py:88} INFO - Job 368: Subtask mongo_to_postgres
[2026-02-12T11:34:20.950+0000] {task_command.py:423} INFO - Running <TaskInstance: ethereum_pipeline.mongo_to_postgres scheduled__2026-02-12T11:32:00+00:00 [running]> on host 980feaacad0b
[2026-02-12T11:34:21.055+0000] {taskinstance.py:2480} INFO - Exporting env vars: AIRFLOW_CTX_DAG_OWNER='***' AIRFLOW_CTX_DAG_ID='ethereum_pipeline' AIRFLOW_CTX_TASK_ID='mongo_to_postgres' AIRFLOW_CTX_EXECUTION_DATE='2026-02-12T11:32:00+00:00' AIRFLOW_CTX_TRY_NUMBER='1' AIRFLOW_CTX_DAG_RUN_ID='scheduled__2026-02-12T11:32:00+00:00'
[2026-02-12T11:34:21.086+0000] {taskinstance.py:2698} ERROR - Task failed with exception
Traceback (most recent call last):
  File "/home/airflow/.local/lib/python3.8/site-packages/airflow/models/taskinstance.py", line 433, in _execute_task
    result = execute_callable(context=context, **execute_callable_kwargs)
  File "/home/airflow/.local/lib/python3.8/site-packages/airflow/operators/python.py", line 199, in execute
    return_value = self.execute_callable()
  File "/home/airflow/.local/lib/python3.8/site-packages/airflow/operators/python.py", line 216, in execute_callable
    return self.python_callable(*self.op_args, **self.op_kwargs)
  File "/opt/airflow/dags/eth_mongo_to_postgres.py", line 64, in mongo_to_postgres
    t["from"],
KeyError: 'from'
[2026-02-12T11:34:21.099+0000] {taskinstance.py:1138} INFO - Marking task as FAILED. dag_id=ethereum_pipeline, task_id=mongo_to_postgres, execution_date=20260212T113200, start_date=20260212T113420, end_date=20260212T113421
[2026-02-12T11:34:21.111+0000] {standard_task_runner.py:107} ERROR - Failed to execute job 368 for task mongo_to_postgres ('from'; 245)
[2026-02-12T11:34:21.136+0000] {local_task_job_runner.py:234} INFO - Task exited with return code 1
[2026-02-12T11:34:21.157+0000] {taskinstance.py:3280} INFO - 0 downstream tasks scheduled from follow-on schedule check
